2014/01/11 13:24:21 [error] [exception.CHttpException.404] exception 'CHttpException' with message 'No es posible resolver la solicitud "favicon.ico"' in C:\Program Files\Apache Software Foundation\Apache2.2\htdocs\yii\framework\web\CWebApplication.php:286
Stack trace:
#0 C:\Program Files\Apache Software Foundation\Apache2.2\htdocs\yii\framework\web\CWebApplication.php(141): CWebApplication->runController('favicon.ico')
#1 C:\Program Files\Apache Software Foundation\Apache2.2\htdocs\yii\framework\base\CApplication.php(169): CWebApplication->processRequest()
#2 C:\Program Files\Apache Software Foundation\Apache2.2\htdocs\odalyssubastas\odalys\index.php(13): CApplication->run()
#3 {main}
REQUEST_URI=/odalyssubastas/odalys/favicon.ico
---
2014/01/11 13:24:22 [error] [exception.CHttpException.404] exception 'CHttpException' with message 'No es posible resolver la solicitud "favicon.png"' in C:\Program Files\Apache Software Foundation\Apache2.2\htdocs\yii\framework\web\CWebApplication.php:286
Stack trace:
#0 C:\Program Files\Apache Software Foundation\Apache2.2\htdocs\yii\framework\web\CWebApplication.php(141): CWebApplication->runController('favicon.png')
#1 C:\Program Files\Apache Software Foundation\Apache2.2\htdocs\yii\framework\base\CApplication.php(169): CWebApplication->processRequest()
#2 C:\Program Files\Apache Software Foundation\Apache2.2\htdocs\odalyssubastas\odalys\index.php(13): CApplication->run()
#3 {main}
REQUEST_URI=/odalyssubastas/odalys/favicon.png
---
2014/01/11 13:30:04 [error] [exception.CHttpException.404] exception 'CHttpException' with message 'No es posible resolver la solicitud "favicon.ico"' in C:\Program Files\Apache Software Foundation\Apache2.2\htdocs\yii\framework\web\CWebApplication.php:286
Stack trace:
#0 C:\Program Files\Apache Software Foundation\Apache2.2\htdocs\yii\framework\web\CWebApplication.php(141): CWebApplication->runController('favicon.ico')
#1 C:\Program Files\Apache Software Foundation\Apache2.2\htdocs\yii\framework\base\CApplication.php(169): CWebApplication->processRequest()
#2 C:\Program Files\Apache Software Foundation\Apache2.2\htdocs\odalyssubastas\odalys\index.php(13): CApplication->run()
#3 {main}
REQUEST_URI=/odalyssubastas/odalys/favicon.ico
---
2014/01/11 13:30:05 [error] [exception.CHttpException.404] exception 'CHttpException' with message 'No es posible resolver la solicitud "favicon.png"' in C:\Program Files\Apache Software Foundation\Apache2.2\htdocs\yii\framework\web\CWebApplication.php:286
Stack trace:
#0 C:\Program Files\Apache Software Foundation\Apache2.2\htdocs\yii\framework\web\CWebApplication.php(141): CWebApplication->runController('favicon.png')
#1 C:\Program Files\Apache Software Foundation\Apache2.2\htdocs\yii\framework\base\CApplication.php(169): CWebApplication->processRequest()
#2 C:\Program Files\Apache Software Foundation\Apache2.2\htdocs\odalyssubastas\odalys\index.php(13): CApplication->run()
#3 {main}
REQUEST_URI=/odalyssubastas/odalys/favicon.png
---
2014/01/11 13:43:39 [error] [exception.CHttpException.404] exception 'CHttpException' with message 'No es posible resolver la solicitud "favicon.ico"' in C:\Program Files\Apache Software Foundation\Apache2.2\htdocs\yii\framework\web\CWebApplication.php:286
Stack trace:
#0 C:\Program Files\Apache Software Foundation\Apache2.2\htdocs\yii\framework\web\CWebApplication.php(141): CWebApplication->runController('favicon.ico')
#1 C:\Program Files\Apache Software Foundation\Apache2.2\htdocs\yii\framework\base\CApplication.php(169): CWebApplication->processRequest()
#2 C:\Program Files\Apache Software Foundation\Apache2.2\htdocs\odalyssubastas\odalys\index.php(13): CApplication->run()
#3 {main}
REQUEST_URI=/odalyssubastas/odalys/favicon.ico
---
2014/01/11 13:43:40 [error] [exception.CHttpException.404] exception 'CHttpException' with message 'No es posible resolver la solicitud "favicon.png"' in C:\Program Files\Apache Software Foundation\Apache2.2\htdocs\yii\framework\web\CWebApplication.php:286
Stack trace:
#0 C:\Program Files\Apache Software Foundation\Apache2.2\htdocs\yii\framework\web\CWebApplication.php(141): CWebApplication->runController('favicon.png')
#1 C:\Program Files\Apache Software Foundation\Apache2.2\htdocs\yii\framework\base\CApplication.php(169): CWebApplication->processRequest()
#2 C:\Program Files\Apache Software Foundation\Apache2.2\htdocs\odalyssubastas\odalys\index.php(13): CApplication->run()
#3 {main}
REQUEST_URI=/odalyssubastas/odalys/favicon.png
---
2014/01/11 13:43:44 [error] [exception.CHttpException.404] exception 'CHttpException' with message 'El sistema no ha podido encontrar la acción "favicon.ico" solicitada.' in C:\Program Files\Apache Software Foundation\Apache2.2\htdocs\yii\framework\web\CController.php:483
Stack trace:
#0 C:\Program Files\Apache Software Foundation\Apache2.2\htdocs\yii\framework\web\CController.php(270): CController->missingAction('favicon.ico')
#1 C:\Program Files\Apache Software Foundation\Apache2.2\htdocs\yii\framework\web\CWebApplication.php(282): CController->run('favicon.ico')
#2 C:\Program Files\Apache Software Foundation\Apache2.2\htdocs\yii\framework\web\CWebApplication.php(141): CWebApplication->runController('site/favicon.ic...')
#3 C:\Program Files\Apache Software Foundation\Apache2.2\htdocs\yii\framework\base\CApplication.php(169): CWebApplication->processRequest()
#4 C:\Program Files\Apache Software Foundation\Apache2.2\htdocs\odalyssubastas\odalys\index.php(13): CApplication->run()
#5 {main}
REQUEST_URI=/odalyssubastas/odalys/site/favicon.ico
---
2014/01/11 13:43:44 [error] [exception.CHttpException.404] exception 'CHttpException' with message 'El sistema no ha podido encontrar la acción "favicon.png" solicitada.' in C:\Program Files\Apache Software Foundation\Apache2.2\htdocs\yii\framework\web\CController.php:483
Stack trace:
#0 C:\Program Files\Apache Software Foundation\Apache2.2\htdocs\yii\framework\web\CController.php(270): CController->missingAction('favicon.png')
#1 C:\Program Files\Apache Software Foundation\Apache2.2\htdocs\yii\framework\web\CWebApplication.php(282): CController->run('favicon.png')
#2 C:\Program Files\Apache Software Foundation\Apache2.2\htdocs\yii\framework\web\CWebApplication.php(141): CWebApplication->runController('site/favicon.pn...')
#3 C:\Program Files\Apache Software Foundation\Apache2.2\htdocs\yii\framework\base\CApplication.php(169): CWebApplication->processRequest()
#4 C:\Program Files\Apache Software Foundation\Apache2.2\htdocs\odalyssubastas\odalys\index.php(13): CApplication->run()
#5 {main}
REQUEST_URI=/odalyssubastas/odalys/site/favicon.png
---
2014/01/11 13:43:58 [error] [system.db.CDbCommand] CDbCommand::fetch() falló: SQLSTATE[42S22]: Column not found: 1054 Unknown column 'correo' in 'where clause'. La sentencia SQL ejecutada fue: SELECT * FROM `usuarios` `t` WHERE LOWER(correo)=? LIMIT 1.
in C:\Program Files\Apache Software Foundation\Apache2.2\htdocs\odalyssubastas\odalys\protected\components\UserIdentity.php (29)
in C:\Program Files\Apache Software Foundation\Apache2.2\htdocs\odalyssubastas\odalys\protected\models\LoginForm.php (52)
in C:\Program Files\Apache Software Foundation\Apache2.2\htdocs\odalyssubastas\odalys\protected\controllers\SiteController.php (94)
2014/01/11 13:43:58 [error] [exception.CDbException] exception 'CDbException' with message 'CDbCommand falló al ejecutar la sentencia SQL: SQLSTATE[42S22]: Column not found: 1054 Unknown column 'correo' in 'where clause'. The SQL statement executed was: SELECT * FROM `usuarios` `t` WHERE LOWER(correo)=? LIMIT 1' in C:\Program Files\Apache Software Foundation\Apache2.2\htdocs\yii\framework\db\CDbCommand.php:541
Stack trace:
#0 C:\Program Files\Apache Software Foundation\Apache2.2\htdocs\yii\framework\db\CDbCommand.php(414): CDbCommand->queryInternal('fetch', Array, Array)
#1 C:\Program Files\Apache Software Foundation\Apache2.2\htdocs\yii\framework\db\ar\CActiveRecord.php(1297): CDbCommand->queryRow()
#2 C:\Program Files\Apache Software Foundation\Apache2.2\htdocs\yii\framework\db\ar\CActiveRecord.php(1402): CActiveRecord->query(Object(CDbCriteria))
#3 C:\Program Files\Apache Software Foundation\Apache2.2\htdocs\odalyssubastas\odalys\protected\components\UserIdentity.php(29): CActiveRecord->find('LOWER(correo)=?', Array)
#4 C:\Program Files\Apache Software Foundation\Apache2.2\htdocs\odalyssubastas\odalys\protected\models\LoginForm.php(52): UserIdentity->authenticate()
#5 C:\Program Files\Apache Software Foundation\Apache2.2\htdocs\yii\framework\validators\CInlineValidator.php(42): LoginForm->authenticate('password', Array)
#6 C:\Program Files\Apache Software Foundation\Apache2.2\htdocs\yii\framework\validators\CValidator.php(213): CInlineValidator->validateAttribute(Object(LoginForm), 'password')
#7 C:\Program Files\Apache Software Foundation\Apache2.2\htdocs\yii\framework\base\CModel.php(159): CValidator->validate(Object(LoginForm), NULL)
#8 C:\Program Files\Apache Software Foundation\Apache2.2\htdocs\odalyssubastas\odalys\protected\controllers\SiteController.php(94): CModel->validate()
#9 C:\Program Files\Apache Software Foundation\Apache2.2\htdocs\yii\framework\web\actions\CInlineAction.php(49): SiteController->actionLogin()
#10 C:\Program Files\Apache Software Foundation\Apache2.2\htdocs\yii\framework\web\CController.php(308): CInlineAction->runWithParams(Array)
#11 C:\Program Files\Apache Software Foundation\Apache2.2\htdocs\yii\framework\web\CController.php(286): CController->runAction(Object(CInlineAction))
#12 C:\Program Files\Apache Software Foundation\Apache2.2\htdocs\yii\framework\web\CController.php(265): CController->runActionWithFilters(Object(CInlineAction), Array)
#13 C:\Program Files\Apache Software Foundation\Apache2.2\htdocs\yii\framework\web\CWebApplication.php(282): CController->run('login')
#14 C:\Program Files\Apache Software Foundation\Apache2.2\htdocs\yii\framework\web\CWebApplication.php(141): CWebApplication->runController('site/login')
#15 C:\Program Files\Apache Software Foundation\Apache2.2\htdocs\yii\framework\base\CApplication.php(169): CWebApplication->processRequest()
#16 C:\Program Files\Apache Software Foundation\Apache2.2\htdocs\odalyssubastas\odalys\index.php(13): CApplication->run()
#17 {main}
REQUEST_URI=/odalyssubastas/odalys/site/login
HTTP_REFERER=http://localhost/odalyssubastas/odalys/site/login
---
2014/01/11 13:54:48 [error] [exception.CHttpException.404] exception 'CHttpException' with message 'No es posible resolver la solicitud "favicon.ico"' in C:\Program Files\Apache Software Foundation\Apache2.2\htdocs\yii\framework\web\CWebApplication.php:286
Stack trace:
#0 C:\Program Files\Apache Software Foundation\Apache2.2\htdocs\yii\framework\web\CWebApplication.php(141): CWebApplication->runController('favicon.ico')
#1 C:\Program Files\Apache Software Foundation\Apache2.2\htdocs\yii\framework\base\CApplication.php(169): CWebApplication->processRequest()
#2 C:\Program Files\Apache Software Foundation\Apache2.2\htdocs\odalyssubastas\odalys\index.php(13): CApplication->run()
#3 {main}
REQUEST_URI=/odalyssubastas/odalys/favicon.ico
---
2014/01/11 13:54:49 [error] [exception.CHttpException.404] exception 'CHttpException' with message 'No es posible resolver la solicitud "favicon.png"' in C:\Program Files\Apache Software Foundation\Apache2.2\htdocs\yii\framework\web\CWebApplication.php:286
Stack trace:
#0 C:\Program Files\Apache Software Foundation\Apache2.2\htdocs\yii\framework\web\CWebApplication.php(141): CWebApplication->runController('favicon.png')
#1 C:\Program Files\Apache Software Foundation\Apache2.2\htdocs\yii\framework\base\CApplication.php(169): CWebApplication->processRequest()
#2 C:\Program Files\Apache Software Foundation\Apache2.2\htdocs\odalyssubastas\odalys\index.php(13): CApplication->run()
#3 {main}
REQUEST_URI=/odalyssubastas/odalys/favicon.png
---
2014/01/11 13:55:55 [error] [exception.CHttpException.404] exception 'CHttpException' with message 'No es posible resolver la solicitud "favicon.ico"' in C:\Program Files\Apache Software Foundation\Apache2.2\htdocs\yii\framework\web\CWebApplication.php:286
Stack trace:
#0 C:\Program Files\Apache Software Foundation\Apache2.2\htdocs\yii\framework\web\CWebApplication.php(141): CWebApplication->runController('favicon.ico')
#1 C:\Program Files\Apache Software Foundation\Apache2.2\htdocs\yii\framework\base\CApplication.php(169): CWebApplication->processRequest()
#2 C:\Program Files\Apache Software Foundation\Apache2.2\htdocs\odalyssubastas\odalys\index.php(13): CApplication->run()
#3 {main}
REQUEST_URI=/odalyssubastas/odalys/favicon.ico
---
2014/01/11 13:55:56 [error] [exception.CHttpException.404] exception 'CHttpException' with message 'No es posible resolver la solicitud "favicon.png"' in C:\Program Files\Apache Software Foundation\Apache2.2\htdocs\yii\framework\web\CWebApplication.php:286
Stack trace:
#0 C:\Program Files\Apache Software Foundation\Apache2.2\htdocs\yii\framework\web\CWebApplication.php(141): CWebApplication->runController('favicon.png')
#1 C:\Program Files\Apache Software Foundation\Apache2.2\htdocs\yii\framework\base\CApplication.php(169): CWebApplication->processRequest()
#2 C:\Program Files\Apache Software Foundation\Apache2.2\htdocs\odalyssubastas\odalys\index.php(13): CApplication->run()
#3 {main}
REQUEST_URI=/odalyssubastas/odalys/favicon.png
---
2014/01/11 13:56:01 [error] [exception.CHttpException.404] exception 'CHttpException' with message 'El sistema no ha podido encontrar la acción "favicon.ico" solicitada.' in C:\Program Files\Apache Software Foundation\Apache2.2\htdocs\yii\framework\web\CController.php:483
Stack trace:
#0 C:\Program Files\Apache Software Foundation\Apache2.2\htdocs\yii\framework\web\CController.php(270): CController->missingAction('favicon.ico')
#1 C:\Program Files\Apache Software Foundation\Apache2.2\htdocs\yii\framework\web\CWebApplication.php(282): CController->run('favicon.ico')
#2 C:\Program Files\Apache Software Foundation\Apache2.2\htdocs\yii\framework\web\CWebApplication.php(141): CWebApplication->runController('site/favicon.ic...')
#3 C:\Program Files\Apache Software Foundation\Apache2.2\htdocs\yii\framework\base\CApplication.php(169): CWebApplication->processRequest()
#4 C:\Program Files\Apache Software Foundation\Apache2.2\htdocs\odalyssubastas\odalys\index.php(13): CApplication->run()
#5 {main}
REQUEST_URI=/odalyssubastas/odalys/site/favicon.ico
---
2014/01/11 13:56:02 [error] [exception.CHttpException.404] exception 'CHttpException' with message 'El sistema no ha podido encontrar la acción "favicon.png" solicitada.' in C:\Program Files\Apache Software Foundation\Apache2.2\htdocs\yii\framework\web\CController.php:483
Stack trace:
#0 C:\Program Files\Apache Software Foundation\Apache2.2\htdocs\yii\framework\web\CController.php(270): CController->missingAction('favicon.png')
#1 C:\Program Files\Apache Software Foundation\Apache2.2\htdocs\yii\framework\web\CWebApplication.php(282): CController->run('favicon.png')
#2 C:\Program Files\Apache Software Foundation\Apache2.2\htdocs\yii\framework\web\CWebApplication.php(141): CWebApplication->runController('site/favicon.pn...')
#3 C:\Program Files\Apache Software Foundation\Apache2.2\htdocs\yii\framework\base\CApplication.php(169): CWebApplication->processRequest()
#4 C:\Program Files\Apache Software Foundation\Apache2.2\htdocs\odalyssubastas\odalys\index.php(13): CApplication->run()
#5 {main}
REQUEST_URI=/odalyssubastas/odalys/site/favicon.png
---
2014/01/11 14:01:51 [error] [exception.CHttpException.404] exception 'CHttpException' with message 'No es posible resolver la solicitud "favicon.ico"' in C:\Program Files\Apache Software Foundation\Apache2.2\htdocs\yii\framework\web\CWebApplication.php:286
Stack trace:
#0 C:\Program Files\Apache Software Foundation\Apache2.2\htdocs\yii\framework\web\CWebApplication.php(141): CWebApplication->runController('favicon.ico')
#1 C:\Program Files\Apache Software Foundation\Apache2.2\htdocs\yii\framework\base\CApplication.php(169): CWebApplication->processRequest()
#2 C:\Program Files\Apache Software Foundation\Apache2.2\htdocs\odalyssubastas\odalys\index.php(13): CApplication->run()
#3 {main}
REQUEST_URI=/odalyssubastas/odalys/favicon.ico
---
2014/01/11 14:01:51 [error] [exception.CHttpException.404] exception 'CHttpException' with message 'No es posible resolver la solicitud "favicon.png"' in C:\Program Files\Apache Software Foundation\Apache2.2\htdocs\yii\framework\web\CWebApplication.php:286
Stack trace:
#0 C:\Program Files\Apache Software Foundation\Apache2.2\htdocs\yii\framework\web\CWebApplication.php(141): CWebApplication->runController('favicon.png')
#1 C:\Program Files\Apache Software Foundation\Apache2.2\htdocs\yii\framework\base\CApplication.php(169): CWebApplication->processRequest()
#2 C:\Program Files\Apache Software Foundation\Apache2.2\htdocs\odalyssubastas\odalys\index.php(13): CApplication->run()
#3 {main}
REQUEST_URI=/odalyssubastas/odalys/favicon.png
---
2014/01/11 14:23:59 [error] [exception.CHttpException.404] exception 'CHttpException' with message 'El sistema no ha podido encontrar la acción "favicon.ico" solicitada.' in C:\Program Files\Apache Software Foundation\Apache2.2\htdocs\yii\framework\web\CController.php:483
Stack trace:
#0 C:\Program Files\Apache Software Foundation\Apache2.2\htdocs\yii\framework\web\CController.php(270): CController->missingAction('favicon.ico')
#1 C:\Program Files\Apache Software Foundation\Apache2.2\htdocs\yii\framework\web\CWebApplication.php(282): CController->run('favicon.ico')
#2 C:\Program Files\Apache Software Foundation\Apache2.2\htdocs\yii\framework\web\CWebApplication.php(141): CWebApplication->runController('site/favicon.ic...')
#3 C:\Program Files\Apache Software Foundation\Apache2.2\htdocs\yii\framework\base\CApplication.php(169): CWebApplication->processRequest()
#4 C:\Program Files\Apache Software Foundation\Apache2.2\htdocs\odalyssubastas\odalys\index.php(13): CApplication->run()
#5 {main}
REQUEST_URI=/odalyssubastas/odalys/site/favicon.ico
---
2014/01/11 14:23:59 [error] [exception.CHttpException.404] exception 'CHttpException' with message 'El sistema no ha podido encontrar la acción "favicon.png" solicitada.' in C:\Program Files\Apache Software Foundation\Apache2.2\htdocs\yii\framework\web\CController.php:483
Stack trace:
#0 C:\Program Files\Apache Software Foundation\Apache2.2\htdocs\yii\framework\web\CController.php(270): CController->missingAction('favicon.png')
#1 C:\Program Files\Apache Software Foundation\Apache2.2\htdocs\yii\framework\web\CWebApplication.php(282): CController->run('favicon.png')
#2 C:\Program Files\Apache Software Foundation\Apache2.2\htdocs\yii\framework\web\CWebApplication.php(141): CWebApplication->runController('site/favicon.pn...')
#3 C:\Program Files\Apache Software Foundation\Apache2.2\htdocs\yii\framework\base\CApplication.php(169): CWebApplication->processRequest()
#4 C:\Program Files\Apache Software Foundation\Apache2.2\htdocs\odalyssubastas\odalys\index.php(13): CApplication->run()
#5 {main}
REQUEST_URI=/odalyssubastas/odalys/site/favicon.png
---
2014/01/11 14:24:35 [error] [exception.CException] exception 'CException' with message 'El asset "__DIR__/assets a ser publicado no existe.' in C:\Program Files\Apache Software Foundation\Apache2.2\htdocs\yii\framework\web\CAssetManager.php:257
Stack trace:
#0 C:\Program Files\Apache Software Foundation\Apache2.2\htdocs\odalyssubastas\odalys\protected\extensions\LiveGridView\RefreshGridView.php(44): CAssetManager->publish('__DIR__/assets')
#1 C:\Program Files\Apache Software Foundation\Apache2.2\htdocs\yii\framework\zii\widgets\CBaseListView.php(124): RefreshGridView->registerClientScript()
#2 C:\Program Files\Apache Software Foundation\Apache2.2\htdocs\yii\framework\web\CBaseController.php(173): CBaseListView->run()
#3 C:\Program Files\Apache Software Foundation\Apache2.2\htdocs\odalyssubastas\odalys\protected\views\usuarios\view.php(31): CBaseController->widget('application.ext...', Array)
#4 C:\Program Files\Apache Software Foundation\Apache2.2\htdocs\yii\framework\web\CBaseController.php(126): require('C:\Program File...')
#5 C:\Program Files\Apache Software Foundation\Apache2.2\htdocs\yii\framework\web\CBaseController.php(95): CBaseController->renderInternal('C:\Program File...', Array, true)
#6 C:\Program Files\Apache Software Foundation\Apache2.2\htdocs\yii\framework\web\CController.php(869): CBaseController->renderFile('C:\Program File...', Array, true)
#7 C:\Program Files\Apache Software Foundation\Apache2.2\htdocs\yii\framework\web\CController.php(782): CController->renderPartial('view', Array, true)
#8 C:\Program Files\Apache Software Foundation\Apache2.2\htdocs\odalyssubastas\odalys\protected\controllers\UsuariosController.php(56): CController->render('view', Array)
#9 [internal function]: UsuariosController->actionView('1')
#10 C:\Program Files\Apache Software Foundation\Apache2.2\htdocs\yii\framework\web\actions\CAction.php(108): ReflectionMethod->invokeArgs(Object(UsuariosController), Array)
#11 C:\Program Files\Apache Software Foundation\Apache2.2\htdocs\yii\framework\web\actions\CInlineAction.php(47): CAction->runWithParamsInternal(Object(UsuariosController), Object(ReflectionMethod), Array)
#12 C:\Program Files\Apache Software Foundation\Apache2.2\htdocs\yii\framework\web\CController.php(308): CInlineAction->runWithParams(Array)
#13 C:\Program Files\Apache Software Foundation\Apache2.2\htdocs\yii\framework\web\filters\CFilterChain.php(133): CController->runAction(Object(CInlineAction))
#14 C:\Program Files\Apache Software Foundation\Apache2.2\htdocs\yii\framework\web\filters\CFilter.php(40): CFilterChain->run()
#15 C:\Program Files\Apache Software Foundation\Apache2.2\htdocs\yii\framework\web\CController.php(1145): CFilter->filter(Object(CFilterChain))
#16 C:\Program Files\Apache Software Foundation\Apache2.2\htdocs\yii\framework\web\filters\CInlineFilter.php(58): CController->filterAccessControl(Object(CFilterChain))
#17 C:\Program Files\Apache Software Foundation\Apache2.2\htdocs\yii\framework\web\filters\CFilterChain.php(130): CInlineFilter->filter(Object(CFilterChain))
#18 C:\Program Files\Apache Software Foundation\Apache2.2\htdocs\yii\framework\web\CController.php(291): CFilterChain->run()
#19 C:\Program Files\Apache Software Foundation\Apache2.2\htdocs\yii\framework\web\CController.php(265): CController->runActionWithFilters(Object(CInlineAction), Array)
#20 C:\Program Files\Apache Software Foundation\Apache2.2\htdocs\yii\framework\web\CWebApplication.php(282): CController->run('view')
#21 C:\Program Files\Apache Software Foundation\Apache2.2\htdocs\yii\framework\web\CWebApplication.php(141): CWebApplication->runController('usuarios/view')
#22 C:\Program Files\Apache Software Foundation\Apache2.2\htdocs\yii\framework\base\CApplication.php(169): CWebApplication->processRequest()
#23 C:\Program Files\Apache Software Foundation\Apache2.2\htdocs\odalyssubastas\odalys\index.php(13): CApplication->run()
#24 {main}
REQUEST_URI=/odalyssubastas/odalys/usuarios/1
---
2014/01/11 14:33:18 [error] [exception.CException] exception 'CException' with message 'El asset "__DIR__/assets a ser publicado no existe.' in C:\Program Files\Apache Software Foundation\Apache2.2\htdocs\yii\framework\web\CAssetManager.php:257
Stack trace:
#0 C:\Program Files\Apache Software Foundation\Apache2.2\htdocs\odalyssubastas\odalys\protected\extensions\LiveGridView\RefreshGridView.php(44): CAssetManager->publish('__DIR__/assets')
#1 C:\Program Files\Apache Software Foundation\Apache2.2\htdocs\yii\framework\zii\widgets\CBaseListView.php(124): RefreshGridView->registerClientScript()
#2 C:\Program Files\Apache Software Foundation\Apache2.2\htdocs\yii\framework\web\CBaseController.php(173): CBaseListView->run()
#3 C:\Program Files\Apache Software Foundation\Apache2.2\htdocs\odalyssubastas\odalys\protected\views\usuarios\view.php(31): CBaseController->widget('application.ext...', Array)
#4 C:\Program Files\Apache Software Foundation\Apache2.2\htdocs\yii\framework\web\CBaseController.php(126): require('C:\Program File...')
#5 C:\Program Files\Apache Software Foundation\Apache2.2\htdocs\yii\framework\web\CBaseController.php(95): CBaseController->renderInternal('C:\Program File...', Array, true)
#6 C:\Program Files\Apache Software Foundation\Apache2.2\htdocs\yii\framework\web\CController.php(869): CBaseController->renderFile('C:\Program File...', Array, true)
#7 C:\Program Files\Apache Software Foundation\Apache2.2\htdocs\yii\framework\web\CController.php(782): CController->renderPartial('view', Array, true)
#8 C:\Program Files\Apache Software Foundation\Apache2.2\htdocs\odalyssubastas\odalys\protected\controllers\UsuariosController.php(56): CController->render('view', Array)
#9 [internal function]: UsuariosController->actionView('1')
#10 C:\Program Files\Apache Software Foundation\Apache2.2\htdocs\yii\framework\web\actions\CAction.php(108): ReflectionMethod->invokeArgs(Object(UsuariosController), Array)
#11 C:\Program Files\Apache Software Foundation\Apache2.2\htdocs\yii\framework\web\actions\CInlineAction.php(47): CAction->runWithParamsInternal(Object(UsuariosController), Object(ReflectionMethod), Array)
#12 C:\Program Files\Apache Software Foundation\Apache2.2\htdocs\yii\framework\web\CController.php(308): CInlineAction->runWithParams(Array)
#13 C:\Program Files\Apache Software Foundation\Apache2.2\htdocs\yii\framework\web\filters\CFilterChain.php(133): CController->runAction(Object(CInlineAction))
#14 C:\Program Files\Apache Software Foundation\Apache2.2\htdocs\yii\framework\web\filters\CFilter.php(40): CFilterChain->run()
#15 C:\Program Files\Apache Software Foundation\Apache2.2\htdocs\yii\framework\web\CController.php(1145): CFilter->filter(Object(CFilterChain))
#16 C:\Program Files\Apache Software Foundation\Apache2.2\htdocs\yii\framework\web\filters\CInlineFilter.php(58): CController->filterAccessControl(Object(CFilterChain))
#17 C:\Program Files\Apache Software Foundation\Apache2.2\htdocs\yii\framework\web\filters\CFilterChain.php(130): CInlineFilter->filter(Object(CFilterChain))
#18 C:\Program Files\Apache Software Foundation\Apache2.2\htdocs\yii\framework\web\CController.php(291): CFilterChain->run()
#19 C:\Program Files\Apache Software Foundation\Apache2.2\htdocs\yii\framework\web\CController.php(265): CController->runActionWithFilters(Object(CInlineAction), Array)
#20 C:\Program Files\Apache Software Foundation\Apache2.2\htdocs\yii\framework\web\CWebApplication.php(282): CController->run('view')
#21 C:\Program Files\Apache Software Foundation\Apache2.2\htdocs\yii\framework\web\CWebApplication.php(141): CWebApplication->runController('usuarios/view')
#22 C:\Program Files\Apache Software Foundation\Apache2.2\htdocs\yii\framework\base\CApplication.php(169): CWebApplication->processRequest()
#23 C:\Program Files\Apache Software Foundation\Apache2.2\htdocs\odalyssubastas\odalys\index.php(13): CApplication->run()
#24 {main}
REQUEST_URI=/odalyssubastas/odalys/index.php?r=usuarios/view&id=1
HTTP_REFERER=http://localhost/odalyssubastas/odalys/index.php?r=usuarios
---
2014/01/11 14:40:02 [error] [exception.CException] exception 'CException' with message 'El asset "__DIR__/assets a ser publicado no existe.' in C:\Program Files\Apache Software Foundation\Apache2.2\htdocs\yii\framework\web\CAssetManager.php:257
Stack trace:
#0 C:\Program Files\Apache Software Foundation\Apache2.2\htdocs\odalyssubastas\odalys\protected\extensions\LiveGridView\RefreshGridView.php(44): CAssetManager->publish('__DIR__/assets')
#1 C:\Program Files\Apache Software Foundation\Apache2.2\htdocs\yii\framework\zii\widgets\CBaseListView.php(124): RefreshGridView->registerClientScript()
#2 C:\Program Files\Apache Software Foundation\Apache2.2\htdocs\yii\framework\web\CBaseController.php(173): CBaseListView->run()
#3 C:\Program Files\Apache Software Foundation\Apache2.2\htdocs\odalyssubastas\odalys\protected\views\usuarios\view.php(31): CBaseController->widget('application.ext...', Array)
#4 C:\Program Files\Apache Software Foundation\Apache2.2\htdocs\yii\framework\web\CBaseController.php(126): require('C:\Program File...')
#5 C:\Program Files\Apache Software Foundation\Apache2.2\htdocs\yii\framework\web\CBaseController.php(95): CBaseController->renderInternal('C:\Program File...', Array, true)
#6 C:\Program Files\Apache Software Foundation\Apache2.2\htdocs\yii\framework\web\CController.php(869): CBaseController->renderFile('C:\Program File...', Array, true)
#7 C:\Program Files\Apache Software Foundation\Apache2.2\htdocs\yii\framework\web\CController.php(782): CController->renderPartial('view', Array, true)
#8 C:\Program Files\Apache Software Foundation\Apache2.2\htdocs\odalyssubastas\odalys\protected\controllers\UsuariosController.php(56): CController->render('view', Array)
#9 [internal function]: UsuariosController->actionView('1')
#10 C:\Program Files\Apache Software Foundation\Apache2.2\htdocs\yii\framework\web\actions\CAction.php(108): ReflectionMethod->invokeArgs(Object(UsuariosController), Array)
#11 C:\Program Files\Apache Software Foundation\Apache2.2\htdocs\yii\framework\web\actions\CInlineAction.php(47): CAction->runWithParamsInternal(Object(UsuariosController), Object(ReflectionMethod), Array)
#12 C:\Program Files\Apache Software Foundation\Apache2.2\htdocs\yii\framework\web\CController.php(308): CInlineAction->runWithParams(Array)
#13 C:\Program Files\Apache Software Foundation\Apache2.2\htdocs\yii\framework\web\filters\CFilterChain.php(133): CController->runAction(Object(CInlineAction))
#14 C:\Program Files\Apache Software Foundation\Apache2.2\htdocs\yii\framework\web\filters\CFilter.php(40): CFilterChain->run()
#15 C:\Program Files\Apache Software Foundation\Apache2.2\htdocs\yii\framework\web\CController.php(1145): CFilter->filter(Object(CFilterChain))
#16 C:\Program Files\Apache Software Foundation\Apache2.2\htdocs\yii\framework\web\filters\CInlineFilter.php(58): CController->filterAccessControl(Object(CFilterChain))
#17 C:\Program Files\Apache Software Foundation\Apache2.2\htdocs\yii\framework\web\filters\CFilterChain.php(130): CInlineFilter->filter(Object(CFilterChain))
#18 C:\Program Files\Apache Software Foundation\Apache2.2\htdocs\yii\framework\web\CController.php(291): CFilterChain->run()
#19 C:\Program Files\Apache Software Foundation\Apache2.2\htdocs\yii\framework\web\CController.php(265): CController->runActionWithFilters(Object(CInlineAction), Array)
#20 C:\Program Files\Apache Software Foundation\Apache2.2\htdocs\yii\framework\web\CWebApplication.php(282): CController->run('view')
#21 C:\Program Files\Apache Software Foundation\Apache2.2\htdocs\yii\framework\web\CWebApplication.php(141): CWebApplication->runController('usuarios/view')
#22 C:\Program Files\Apache Software Foundation\Apache2.2\htdocs\yii\framework\base\CApplication.php(169): CWebApplication->processRequest()
#23 C:\Program Files\Apache Software Foundation\Apache2.2\htdocs\odalyssubastas\odalys\index.php(13): CApplication->run()
#24 {main}
REQUEST_URI=/odalyssubastas/odalys/index.php?r=usuarios/view&id=1
HTTP_REFERER=http://localhost/odalyssubastas/odalys/index.php?r=usuarios
---
2014/01/11 14:40:19 [error] [exception.CException] exception 'CException' with message 'El asset "__DIR__/assets a ser publicado no existe.' in C:\Program Files\Apache Software Foundation\Apache2.2\htdocs\yii\framework\web\CAssetManager.php:257
Stack trace:
#0 C:\Program Files\Apache Software Foundation\Apache2.2\htdocs\odalyssubastas\odalys\protected\extensions\LiveGridView\RefreshGridView.php(44): CAssetManager->publish('__DIR__/assets')
#1 C:\Program Files\Apache Software Foundation\Apache2.2\htdocs\yii\framework\zii\widgets\CBaseListView.php(124): RefreshGridView->registerClientScript()
#2 C:\Program Files\Apache Software Foundation\Apache2.2\htdocs\yii\framework\web\CBaseController.php(173): CBaseListView->run()
#3 C:\Program Files\Apache Software Foundation\Apache2.2\htdocs\odalyssubastas\odalys\protected\views\usuarios\view.php(31): CBaseController->widget('application.ext...', Array)
#4 C:\Program Files\Apache Software Foundation\Apache2.2\htdocs\yii\framework\web\CBaseController.php(126): require('C:\Program File...')
#5 C:\Program Files\Apache Software Foundation\Apache2.2\htdocs\yii\framework\web\CBaseController.php(95): CBaseController->renderInternal('C:\Program File...', Array, true)
#6 C:\Program Files\Apache Software Foundation\Apache2.2\htdocs\yii\framework\web\CController.php(869): CBaseController->renderFile('C:\Program File...', Array, true)
#7 C:\Program Files\Apache Software Foundation\Apache2.2\htdocs\yii\framework\web\CController.php(782): CController->renderPartial('view', Array, true)
#8 C:\Program Files\Apache Software Foundation\Apache2.2\htdocs\odalyssubastas\odalys\protected\controllers\UsuariosController.php(56): CController->render('view', Array)
#9 [internal function]: UsuariosController->actionView('1')
#10 C:\Program Files\Apache Software Foundation\Apache2.2\htdocs\yii\framework\web\actions\CAction.php(108): ReflectionMethod->invokeArgs(Object(UsuariosController), Array)
#11 C:\Program Files\Apache Software Foundation\Apache2.2\htdocs\yii\framework\web\actions\CInlineAction.php(47): CAction->runWithParamsInternal(Object(UsuariosController), Object(ReflectionMethod), Array)
#12 C:\Program Files\Apache Software Foundation\Apache2.2\htdocs\yii\framework\web\CController.php(308): CInlineAction->runWithParams(Array)
#13 C:\Program Files\Apache Software Foundation\Apache2.2\htdocs\yii\framework\web\filters\CFilterChain.php(133): CController->runAction(Object(CInlineAction))
#14 C:\Program Files\Apache Software Foundation\Apache2.2\htdocs\yii\framework\web\filters\CFilter.php(40): CFilterChain->run()
#15 C:\Program Files\Apache Software Foundation\Apache2.2\htdocs\yii\framework\web\CController.php(1145): CFilter->filter(Object(CFilterChain))
#16 C:\Program Files\Apache Software Foundation\Apache2.2\htdocs\yii\framework\web\filters\CInlineFilter.php(58): CController->filterAccessControl(Object(CFilterChain))
#17 C:\Program Files\Apache Software Foundation\Apache2.2\htdocs\yii\framework\web\filters\CFilterChain.php(130): CInlineFilter->filter(Object(CFilterChain))
#18 C:\Program Files\Apache Software Foundation\Apache2.2\htdocs\yii\framework\web\CController.php(291): CFilterChain->run()
#19 C:\Program Files\Apache Software Foundation\Apache2.2\htdocs\yii\framework\web\CController.php(265): CController->runActionWithFilters(Object(CInlineAction), Array)
#20 C:\Program Files\Apache Software Foundation\Apache2.2\htdocs\yii\framework\web\CWebApplication.php(282): CController->run('view')
#21 C:\Program Files\Apache Software Foundation\Apache2.2\htdocs\yii\framework\web\CWebApplication.php(141): CWebApplication->runController('usuarios/view')
#22 C:\Program Files\Apache Software Foundation\Apache2.2\htdocs\yii\framework\base\CApplication.php(169): CWebApplication->processRequest()
#23 C:\Program Files\Apache Software Foundation\Apache2.2\htdocs\odalyssubastas\odalys\index.php(13): CApplication->run()
#24 {main}
REQUEST_URI=/odalyssubastas/odalys/index.php?r=usuarios/view&id=1
HTTP_REFERER=http://localhost/odalyssubastas/odalys/index.php?r=usuarios
---
2014/01/11 14:56:51 [error] [exception.CException] exception 'CException' with message 'El asset "__DIR__/assets a ser publicado no existe.' in C:\Program Files\Apache Software Foundation\Apache2.2\htdocs\yii\framework\web\CAssetManager.php:257
Stack trace:
#0 C:\Program Files\Apache Software Foundation\Apache2.2\htdocs\odalyssubastas\odalys\protected\extensions\LiveGridView\RefreshGridView.php(44): CAssetManager->publish('__DIR__/assets')
#1 C:\Program Files\Apache Software Foundation\Apache2.2\htdocs\yii\framework\zii\widgets\CBaseListView.php(124): RefreshGridView->registerClientScript()
#2 C:\Program Files\Apache Software Foundation\Apache2.2\htdocs\yii\framework\web\CBaseController.php(173): CBaseListView->run()
#3 C:\Program Files\Apache Software Foundation\Apache2.2\htdocs\odalyssubastas\odalys\protected\views\usuarios\view.php(31): CBaseController->widget('application.ext...', Array)
#4 C:\Program Files\Apache Software Foundation\Apache2.2\htdocs\yii\framework\web\CBaseController.php(126): require('C:\Program File...')
#5 C:\Program Files\Apache Software Foundation\Apache2.2\htdocs\yii\framework\web\CBaseController.php(95): CBaseController->renderInternal('C:\Program File...', Array, true)
#6 C:\Program Files\Apache Software Foundation\Apache2.2\htdocs\yii\framework\web\CController.php(869): CBaseController->renderFile('C:\Program File...', Array, true)
#7 C:\Program Files\Apache Software Foundation\Apache2.2\htdocs\yii\framework\web\CController.php(782): CController->renderPartial('view', Array, true)
#8 C:\Program Files\Apache Software Foundation\Apache2.2\htdocs\odalyssubastas\odalys\protected\controllers\UsuariosController.php(56): CController->render('view', Array)
#9 [internal function]: UsuariosController->actionView('1')
#10 C:\Program Files\Apache Software Foundation\Apache2.2\htdocs\yii\framework\web\actions\CAction.php(108): ReflectionMethod->invokeArgs(Object(UsuariosController), Array)
#11 C:\Program Files\Apache Software Foundation\Apache2.2\htdocs\yii\framework\web\actions\CInlineAction.php(47): CAction->runWithParamsInternal(Object(UsuariosController), Object(ReflectionMethod), Array)
#12 C:\Program Files\Apache Software Foundation\Apache2.2\htdocs\yii\framework\web\CController.php(308): CInlineAction->runWithParams(Array)
#13 C:\Program Files\Apache Software Foundation\Apache2.2\htdocs\yii\framework\web\filters\CFilterChain.php(133): CController->runAction(Object(CInlineAction))
#14 C:\Program Files\Apache Software Foundation\Apache2.2\htdocs\yii\framework\web\filters\CFilter.php(40): CFilterChain->run()
#15 C:\Program Files\Apache Software Foundation\Apache2.2\htdocs\yii\framework\web\CController.php(1145): CFilter->filter(Object(CFilterChain))
#16 C:\Program Files\Apache Software Foundation\Apache2.2\htdocs\yii\framework\web\filters\CInlineFilter.php(58): CController->filterAccessControl(Object(CFilterChain))
#17 C:\Program Files\Apache Software Foundation\Apache2.2\htdocs\yii\framework\web\filters\CFilterChain.php(130): CInlineFilter->filter(Object(CFilterChain))
#18 C:\Program Files\Apache Software Foundation\Apache2.2\htdocs\yii\framework\web\CController.php(291): CFilterChain->run()
#19 C:\Program Files\Apache Software Foundation\Apache2.2\htdocs\yii\framework\web\CController.php(265): CController->runActionWithFilters(Object(CInlineAction), Array)
#20 C:\Program Files\Apache Software Foundation\Apache2.2\htdocs\yii\framework\web\CWebApplication.php(282): CController->run('view')
#21 C:\Program Files\Apache Software Foundation\Apache2.2\htdocs\yii\framework\web\CWebApplication.php(141): CWebApplication->runController('usuarios/view')
#22 C:\Program Files\Apache Software Foundation\Apache2.2\htdocs\yii\framework\base\CApplication.php(169): CWebApplication->processRequest()
#23 C:\Program Files\Apache Software Foundation\Apache2.2\htdocs\odalyssubastas\odalys\index.php(13): CApplication->run()
#24 {main}
REQUEST_URI=/odalyssubastas/odalys/index.php?r=usuarios/view&id=1
HTTP_REFERER=http://localhost/odalyssubastas/odalys/index.php?r=usuarios
---
2014/01/11 14:58:15 [error] [exception.CException] exception 'CException' with message 'El asset "__DIR__/assets a ser publicado no existe.' in C:\Program Files\Apache Software Foundation\Apache2.2\htdocs\yii\framework\web\CAssetManager.php:257
Stack trace:
#0 C:\Program Files\Apache Software Foundation\Apache2.2\htdocs\odalyssubastas\odalys\protected\extensions\LiveGridView\RefreshGridView.php(44): CAssetManager->publish('__DIR__/assets')
#1 C:\Program Files\Apache Software Foundation\Apache2.2\htdocs\yii\framework\zii\widgets\CBaseListView.php(124): RefreshGridView->registerClientScript()
#2 C:\Program Files\Apache Software Foundation\Apache2.2\htdocs\yii\framework\web\CBaseController.php(173): CBaseListView->run()
#3 C:\Program Files\Apache Software Foundation\Apache2.2\htdocs\odalyssubastas\odalys\protected\views\usuarios\view.php(31): CBaseController->widget('application.ext...', Array)
#4 C:\Program Files\Apache Software Foundation\Apache2.2\htdocs\yii\framework\web\CBaseController.php(126): require('C:\Program File...')
#5 C:\Program Files\Apache Software Foundation\Apache2.2\htdocs\yii\framework\web\CBaseController.php(95): CBaseController->renderInternal('C:\Program File...', Array, true)
#6 C:\Program Files\Apache Software Foundation\Apache2.2\htdocs\yii\framework\web\CController.php(869): CBaseController->renderFile('C:\Program File...', Array, true)
#7 C:\Program Files\Apache Software Foundation\Apache2.2\htdocs\yii\framework\web\CController.php(782): CController->renderPartial('view', Array, true)
#8 C:\Program Files\Apache Software Foundation\Apache2.2\htdocs\odalyssubastas\odalys\protected\controllers\UsuariosController.php(56): CController->render('view', Array)
#9 [internal function]: UsuariosController->actionView('1')
#10 C:\Program Files\Apache Software Foundation\Apache2.2\htdocs\yii\framework\web\actions\CAction.php(108): ReflectionMethod->invokeArgs(Object(UsuariosController), Array)
#11 C:\Program Files\Apache Software Foundation\Apache2.2\htdocs\yii\framework\web\actions\CInlineAction.php(47): CAction->runWithParamsInternal(Object(UsuariosController), Object(ReflectionMethod), Array)
#12 C:\Program Files\Apache Software Foundation\Apache2.2\htdocs\yii\framework\web\CController.php(308): CInlineAction->runWithParams(Array)
#13 C:\Program Files\Apache Software Foundation\Apache2.2\htdocs\yii\framework\web\filters\CFilterChain.php(133): CController->runAction(Object(CInlineAction))
#14 C:\Program Files\Apache Software Foundation\Apache2.2\htdocs\yii\framework\web\filters\CFilter.php(40): CFilterChain->run()
#15 C:\Program Files\Apache Software Foundation\Apache2.2\htdocs\yii\framework\web\CController.php(1145): CFilter->filter(Object(CFilterChain))
#16 C:\Program Files\Apache Software Foundation\Apache2.2\htdocs\yii\framework\web\filters\CInlineFilter.php(58): CController->filterAccessControl(Object(CFilterChain))
#17 C:\Program Files\Apache Software Foundation\Apache2.2\htdocs\yii\framework\web\filters\CFilterChain.php(130): CInlineFilter->filter(Object(CFilterChain))
#18 C:\Program Files\Apache Software Foundation\Apache2.2\htdocs\yii\framework\web\CController.php(291): CFilterChain->run()
#19 C:\Program Files\Apache Software Foundation\Apache2.2\htdocs\yii\framework\web\CController.php(265): CController->runActionWithFilters(Object(CInlineAction), Array)
#20 C:\Program Files\Apache Software Foundation\Apache2.2\htdocs\yii\framework\web\CWebApplication.php(282): CController->run('view')
#21 C:\Program Files\Apache Software Foundation\Apache2.2\htdocs\yii\framework\web\CWebApplication.php(141): CWebApplication->runController('usuarios/view')
#22 C:\Program Files\Apache Software Foundation\Apache2.2\htdocs\yii\framework\base\CApplication.php(169): CWebApplication->processRequest()
#23 C:\Program Files\Apache Software Foundation\Apache2.2\htdocs\odalyssubastas\odalys\index.php(13): CApplication->run()
#24 {main}
REQUEST_URI=/odalyssubastas/odalys/index.php?r=usuarios/view&id=1
HTTP_REFERER=http://localhost/odalyssubastas/odalys/index.php?r=usuarios
---
2014/01/11 15:24:40 [error] [exception.CException] exception 'CException' with message 'El asset "__DIR__/assets a ser publicado no existe.' in C:\Program Files\Apache Software Foundation\Apache2.2\htdocs\yii\framework\web\CAssetManager.php:257
Stack trace:
#0 C:\Program Files\Apache Software Foundation\Apache2.2\htdocs\odalyssubastas\odalys\protected\extensions\LiveGridView\RefreshGridView.php(44): CAssetManager->publish('__DIR__/assets')
#1 C:\Program Files\Apache Software Foundation\Apache2.2\htdocs\yii\framework\zii\widgets\CBaseListView.php(124): RefreshGridView->registerClientScript()
#2 C:\Program Files\Apache Software Foundation\Apache2.2\htdocs\yii\framework\web\CBaseController.php(173): CBaseListView->run()
#3 C:\Program Files\Apache Software Foundation\Apache2.2\htdocs\odalyssubastas\odalys\protected\views\usuarios\view.php(31): CBaseController->widget('application.ext...', Array)
#4 C:\Program Files\Apache Software Foundation\Apache2.2\htdocs\yii\framework\web\CBaseController.php(126): require('C:\Program File...')
#5 C:\Program Files\Apache Software Foundation\Apache2.2\htdocs\yii\framework\web\CBaseController.php(95): CBaseController->renderInternal('C:\Program File...', Array, true)
#6 C:\Program Files\Apache Software Foundation\Apache2.2\htdocs\yii\framework\web\CController.php(869): CBaseController->renderFile('C:\Program File...', Array, true)
#7 C:\Program Files\Apache Software Foundation\Apache2.2\htdocs\yii\framework\web\CController.php(782): CController->renderPartial('view', Array, true)
#8 C:\Program Files\Apache Software Foundation\Apache2.2\htdocs\odalyssubastas\odalys\protected\controllers\UsuariosController.php(56): CController->render('view', Array)
#9 [internal function]: UsuariosController->actionView('1')
#10 C:\Program Files\Apache Software Foundation\Apache2.2\htdocs\yii\framework\web\actions\CAction.php(108): ReflectionMethod->invokeArgs(Object(UsuariosController), Array)
#11 C:\Program Files\Apache Software Foundation\Apache2.2\htdocs\yii\framework\web\actions\CInlineAction.php(47): CAction->runWithParamsInternal(Object(UsuariosController), Object(ReflectionMethod), Array)
#12 C:\Program Files\Apache Software Foundation\Apache2.2\htdocs\yii\framework\web\CController.php(308): CInlineAction->runWithParams(Array)
#13 C:\Program Files\Apache Software Foundation\Apache2.2\htdocs\yii\framework\web\filters\CFilterChain.php(133): CController->runAction(Object(CInlineAction))
#14 C:\Program Files\Apache Software Foundation\Apache2.2\htdocs\yii\framework\web\filters\CFilter.php(40): CFilterChain->run()
#15 C:\Program Files\Apache Software Foundation\Apache2.2\htdocs\yii\framework\web\CController.php(1145): CFilter->filter(Object(CFilterChain))
#16 C:\Program Files\Apache Software Foundation\Apache2.2\htdocs\yii\framework\web\filters\CInlineFilter.php(58): CController->filterAccessControl(Object(CFilterChain))
#17 C:\Program Files\Apache Software Foundation\Apache2.2\htdocs\yii\framework\web\filters\CFilterChain.php(130): CInlineFilter->filter(Object(CFilterChain))
#18 C:\Program Files\Apache Software Foundation\Apache2.2\htdocs\yii\framework\web\CController.php(291): CFilterChain->run()
#19 C:\Program Files\Apache Software Foundation\Apache2.2\htdocs\yii\framework\web\CController.php(265): CController->runActionWithFilters(Object(CInlineAction), Array)
#20 C:\Program Files\Apache Software Foundation\Apache2.2\htdocs\yii\framework\web\CWebApplication.php(282): CController->run('view')
#21 C:\Program Files\Apache Software Foundation\Apache2.2\htdocs\yii\framework\web\CWebApplication.php(141): CWebApplication->runController('usuarios/view')
#22 C:\Program Files\Apache Software Foundation\Apache2.2\htdocs\yii\framework\base\CApplication.php(169): CWebApplication->processRequest()
#23 C:\Program Files\Apache Software Foundation\Apache2.2\htdocs\odalyssubastas\odalys\index.php(13): CApplication->run()
#24 {main}
REQUEST_URI=/odalyssubastas/odalys/index.php?r=usuarios/view&id=1
---
2014/01/11 15:21:35 [error] [exception.CHttpException.404] exception 'CHttpException' with message 'No es posible resolver la solicitud "gusuarios"' in C:\Program Files\Apache Software Foundation\Apache2.2\htdocs\yii\framework\web\CWebApplication.php:286
Stack trace:
#0 C:\Program Files\Apache Software Foundation\Apache2.2\htdocs\yii\framework\web\CWebApplication.php(141): CWebApplication->runController('gusuarios')
#1 C:\Program Files\Apache Software Foundation\Apache2.2\htdocs\yii\framework\base\CApplication.php(169): CWebApplication->processRequest()
#2 C:\Program Files\Apache Software Foundation\Apache2.2\htdocs\odalyssubastas\odalys\index.php(13): CApplication->run()
#3 {main}
REQUEST_URI=/odalyssubastas/odalys/index.php?r=gusuarios
---
