2014/01/26 14:48:14 [error] [exception.CException] exception 'CException' with message 'Propiedad "ImagenS"."idusuario" no se encuentra definida.' in C:\Program Files (x86)\Apache Software Foundation\Apache2.2\htdocs\yii\framework\base\CComponent.php:130
Stack trace:
#0 C:\Program Files (x86)\Apache Software Foundation\Apache2.2\htdocs\yii\framework\db\ar\CActiveRecord.php(143): CComponent->__get('idusuario')
#1 C:\Program Files (x86)\Apache Software Foundation\Apache2.2\htdocs\odalyssubastas\odalys\protected\controllers\SiteController.php(399): CActiveRecord->__get('idusuario')
#2 C:\Program Files (x86)\Apache Software Foundation\Apache2.2\htdocs\yii\framework\web\actions\CInlineAction.php(49): SiteController->actionBuscar()
#3 C:\Program Files (x86)\Apache Software Foundation\Apache2.2\htdocs\yii\framework\web\CController.php(308): CInlineAction->runWithParams(Array)
#4 C:\Program Files (x86)\Apache Software Foundation\Apache2.2\htdocs\yii\framework\web\CController.php(286): CController->runAction(Object(CInlineAction))
#5 C:\Program Files (x86)\Apache Software Foundation\Apache2.2\htdocs\yii\framework\web\CController.php(265): CController->runActionWithFilters(Object(CInlineAction), Array)
#6 C:\Program Files (x86)\Apache Software Foundation\Apache2.2\htdocs\yii\framework\web\CWebApplication.php(282): CController->run('buscar')
#7 C:\Program Files (x86)\Apache Software Foundation\Apache2.2\htdocs\yii\framework\web\CWebApplication.php(141): CWebApplication->runController('site/buscar')
#8 C:\Program Files (x86)\Apache Software Foundation\Apache2.2\htdocs\yii\framework\base\CApplication.php(169): CWebApplication->processRequest()
#9 C:\Program Files (x86)\Apache Software Foundation\Apache2.2\htdocs\odalyssubastas\odalys\index.php(13): CApplication->run()
#10 {main}
REQUEST_URI=/odalyssubastas/odalys/index.php?r=site/buscar
HTTP_REFERER=http://localhost/odalyssubastas/odalys/index.php
---
2014/01/26 14:48:15 [error] [exception.CException] exception 'CException' with message 'Propiedad "ImagenS"."idusuario" no se encuentra definida.' in C:\Program Files (x86)\Apache Software Foundation\Apache2.2\htdocs\yii\framework\base\CComponent.php:130
Stack trace:
#0 C:\Program Files (x86)\Apache Software Foundation\Apache2.2\htdocs\yii\framework\db\ar\CActiveRecord.php(143): CComponent->__get('idusuario')
#1 C:\Program Files (x86)\Apache Software Foundation\Apache2.2\htdocs\odalyssubastas\odalys\protected\controllers\SiteController.php(399): CActiveRecord->__get('idusuario')
#2 C:\Program Files (x86)\Apache Software Foundation\Apache2.2\htdocs\yii\framework\web\actions\CInlineAction.php(49): SiteController->actionBuscar()
#3 C:\Program Files (x86)\Apache Software Foundation\Apache2.2\htdocs\yii\framework\web\CController.php(308): CInlineAction->runWithParams(Array)
#4 C:\Program Files (x86)\Apache Software Foundation\Apache2.2\htdocs\yii\framework\web\CController.php(286): CController->runAction(Object(CInlineAction))
#5 C:\Program Files (x86)\Apache Software Foundation\Apache2.2\htdocs\yii\framework\web\CController.php(265): CController->runActionWithFilters(Object(CInlineAction), Array)
#6 C:\Program Files (x86)\Apache Software Foundation\Apache2.2\htdocs\yii\framework\web\CWebApplication.php(282): CController->run('buscar')
#7 C:\Program Files (x86)\Apache Software Foundation\Apache2.2\htdocs\yii\framework\web\CWebApplication.php(141): CWebApplication->runController('site/buscar')
#8 C:\Program Files (x86)\Apache Software Foundation\Apache2.2\htdocs\yii\framework\base\CApplication.php(169): CWebApplication->processRequest()
#9 C:\Program Files (x86)\Apache Software Foundation\Apache2.2\htdocs\odalyssubastas\odalys\index.php(13): CApplication->run()
#10 {main}
REQUEST_URI=/odalyssubastas/odalys/index.php?r=site/buscar
HTTP_REFERER=http://localhost/odalyssubastas/odalys/index.php
---
2014/01/26 14:48:19 [error] [exception.CException] exception 'CException' with message 'Propiedad "ImagenS"."idusuario" no se encuentra definida.' in C:\Program Files (x86)\Apache Software Foundation\Apache2.2\htdocs\yii\framework\base\CComponent.php:130
Stack trace:
#0 C:\Program Files (x86)\Apache Software Foundation\Apache2.2\htdocs\yii\framework\db\ar\CActiveRecord.php(143): CComponent->__get('idusuario')
#1 C:\Program Files (x86)\Apache Software Foundation\Apache2.2\htdocs\odalyssubastas\odalys\protected\controllers\SiteController.php(399): CActiveRecord->__get('idusuario')
#2 C:\Program Files (x86)\Apache Software Foundation\Apache2.2\htdocs\yii\framework\web\actions\CInlineAction.php(49): SiteController->actionBuscar()
#3 C:\Program Files (x86)\Apache Software Foundation\Apache2.2\htdocs\yii\framework\web\CController.php(308): CInlineAction->runWithParams(Array)
#4 C:\Program Files (x86)\Apache Software Foundation\Apache2.2\htdocs\yii\framework\web\CController.php(286): CController->runAction(Object(CInlineAction))
#5 C:\Program Files (x86)\Apache Software Foundation\Apache2.2\htdocs\yii\framework\web\CController.php(265): CController->runActionWithFilters(Object(CInlineAction), Array)
#6 C:\Program Files (x86)\Apache Software Foundation\Apache2.2\htdocs\yii\framework\web\CWebApplication.php(282): CController->run('buscar')
#7 C:\Program Files (x86)\Apache Software Foundation\Apache2.2\htdocs\yii\framework\web\CWebApplication.php(141): CWebApplication->runController('site/buscar')
#8 C:\Program Files (x86)\Apache Software Foundation\Apache2.2\htdocs\yii\framework\base\CApplication.php(169): CWebApplication->processRequest()
#9 C:\Program Files (x86)\Apache Software Foundation\Apache2.2\htdocs\odalyssubastas\odalys\index.php(13): CApplication->run()
#10 {main}
REQUEST_URI=/odalyssubastas/odalys/index.php?r=site/buscar
HTTP_REFERER=http://localhost/odalyssubastas/odalys/index.php
---
2014/01/26 14:48:20 [error] [exception.CException] exception 'CException' with message 'Propiedad "ImagenS"."idusuario" no se encuentra definida.' in C:\Program Files (x86)\Apache Software Foundation\Apache2.2\htdocs\yii\framework\base\CComponent.php:130
Stack trace:
#0 C:\Program Files (x86)\Apache Software Foundation\Apache2.2\htdocs\yii\framework\db\ar\CActiveRecord.php(143): CComponent->__get('idusuario')
#1 C:\Program Files (x86)\Apache Software Foundation\Apache2.2\htdocs\odalyssubastas\odalys\protected\controllers\SiteController.php(399): CActiveRecord->__get('idusuario')
#2 C:\Program Files (x86)\Apache Software Foundation\Apache2.2\htdocs\yii\framework\web\actions\CInlineAction.php(49): SiteController->actionBuscar()
#3 C:\Program Files (x86)\Apache Software Foundation\Apache2.2\htdocs\yii\framework\web\CController.php(308): CInlineAction->runWithParams(Array)
#4 C:\Program Files (x86)\Apache Software Foundation\Apache2.2\htdocs\yii\framework\web\CController.php(286): CController->runAction(Object(CInlineAction))
#5 C:\Program Files (x86)\Apache Software Foundation\Apache2.2\htdocs\yii\framework\web\CController.php(265): CController->runActionWithFilters(Object(CInlineAction), Array)
#6 C:\Program Files (x86)\Apache Software Foundation\Apache2.2\htdocs\yii\framework\web\CWebApplication.php(282): CController->run('buscar')
#7 C:\Program Files (x86)\Apache Software Foundation\Apache2.2\htdocs\yii\framework\web\CWebApplication.php(141): CWebApplication->runController('site/buscar')
#8 C:\Program Files (x86)\Apache Software Foundation\Apache2.2\htdocs\yii\framework\base\CApplication.php(169): CWebApplication->processRequest()
#9 C:\Program Files (x86)\Apache Software Foundation\Apache2.2\htdocs\odalyssubastas\odalys\index.php(13): CApplication->run()
#10 {main}
REQUEST_URI=/odalyssubastas/odalys/index.php?r=site/buscar
HTTP_REFERER=http://localhost/odalyssubastas/odalys/index.php
---
2014/01/26 14:48:24 [error] [exception.CException] exception 'CException' with message 'Propiedad "ImagenS"."idusuario" no se encuentra definida.' in C:\Program Files (x86)\Apache Software Foundation\Apache2.2\htdocs\yii\framework\base\CComponent.php:130
Stack trace:
#0 C:\Program Files (x86)\Apache Software Foundation\Apache2.2\htdocs\yii\framework\db\ar\CActiveRecord.php(143): CComponent->__get('idusuario')
#1 C:\Program Files (x86)\Apache Software Foundation\Apache2.2\htdocs\odalyssubastas\odalys\protected\controllers\SiteController.php(399): CActiveRecord->__get('idusuario')
#2 C:\Program Files (x86)\Apache Software Foundation\Apache2.2\htdocs\yii\framework\web\actions\CInlineAction.php(49): SiteController->actionBuscar()
#3 C:\Program Files (x86)\Apache Software Foundation\Apache2.2\htdocs\yii\framework\web\CController.php(308): CInlineAction->runWithParams(Array)
#4 C:\Program Files (x86)\Apache Software Foundation\Apache2.2\htdocs\yii\framework\web\CController.php(286): CController->runAction(Object(CInlineAction))
#5 C:\Program Files (x86)\Apache Software Foundation\Apache2.2\htdocs\yii\framework\web\CController.php(265): CController->runActionWithFilters(Object(CInlineAction), Array)
#6 C:\Program Files (x86)\Apache Software Foundation\Apache2.2\htdocs\yii\framework\web\CWebApplication.php(282): CController->run('buscar')
#7 C:\Program Files (x86)\Apache Software Foundation\Apache2.2\htdocs\yii\framework\web\CWebApplication.php(141): CWebApplication->runController('site/buscar')
#8 C:\Program Files (x86)\Apache Software Foundation\Apache2.2\htdocs\yii\framework\base\CApplication.php(169): CWebApplication->processRequest()
#9 C:\Program Files (x86)\Apache Software Foundation\Apache2.2\htdocs\odalyssubastas\odalys\index.php(13): CApplication->run()
#10 {main}
REQUEST_URI=/odalyssubastas/odalys/index.php?r=site/buscar
HTTP_REFERER=http://localhost/odalyssubastas/odalys/index.php
---
2014/01/26 14:48:25 [error] [exception.CException] exception 'CException' with message 'Propiedad "ImagenS"."idusuario" no se encuentra definida.' in C:\Program Files (x86)\Apache Software Foundation\Apache2.2\htdocs\yii\framework\base\CComponent.php:130
Stack trace:
#0 C:\Program Files (x86)\Apache Software Foundation\Apache2.2\htdocs\yii\framework\db\ar\CActiveRecord.php(143): CComponent->__get('idusuario')
#1 C:\Program Files (x86)\Apache Software Foundation\Apache2.2\htdocs\odalyssubastas\odalys\protected\controllers\SiteController.php(399): CActiveRecord->__get('idusuario')
#2 C:\Program Files (x86)\Apache Software Foundation\Apache2.2\htdocs\yii\framework\web\actions\CInlineAction.php(49): SiteController->actionBuscar()
#3 C:\Program Files (x86)\Apache Software Foundation\Apache2.2\htdocs\yii\framework\web\CController.php(308): CInlineAction->runWithParams(Array)
#4 C:\Program Files (x86)\Apache Software Foundation\Apache2.2\htdocs\yii\framework\web\CController.php(286): CController->runAction(Object(CInlineAction))
#5 C:\Program Files (x86)\Apache Software Foundation\Apache2.2\htdocs\yii\framework\web\CController.php(265): CController->runActionWithFilters(Object(CInlineAction), Array)
#6 C:\Program Files (x86)\Apache Software Foundation\Apache2.2\htdocs\yii\framework\web\CWebApplication.php(282): CController->run('buscar')
#7 C:\Program Files (x86)\Apache Software Foundation\Apache2.2\htdocs\yii\framework\web\CWebApplication.php(141): CWebApplication->runController('site/buscar')
#8 C:\Program Files (x86)\Apache Software Foundation\Apache2.2\htdocs\yii\framework\base\CApplication.php(169): CWebApplication->processRequest()
#9 C:\Program Files (x86)\Apache Software Foundation\Apache2.2\htdocs\odalyssubastas\odalys\index.php(13): CApplication->run()
#10 {main}
REQUEST_URI=/odalyssubastas/odalys/index.php?r=site/buscar
HTTP_REFERER=http://localhost/odalyssubastas/odalys/index.php
---
2014/01/26 14:48:29 [error] [exception.CException] exception 'CException' with message 'Propiedad "ImagenS"."idusuario" no se encuentra definida.' in C:\Program Files (x86)\Apache Software Foundation\Apache2.2\htdocs\yii\framework\base\CComponent.php:130
Stack trace:
#0 C:\Program Files (x86)\Apache Software Foundation\Apache2.2\htdocs\yii\framework\db\ar\CActiveRecord.php(143): CComponent->__get('idusuario')
#1 C:\Program Files (x86)\Apache Software Foundation\Apache2.2\htdocs\odalyssubastas\odalys\protected\controllers\SiteController.php(399): CActiveRecord->__get('idusuario')
#2 C:\Program Files (x86)\Apache Software Foundation\Apache2.2\htdocs\yii\framework\web\actions\CInlineAction.php(49): SiteController->actionBuscar()
#3 C:\Program Files (x86)\Apache Software Foundation\Apache2.2\htdocs\yii\framework\web\CController.php(308): CInlineAction->runWithParams(Array)
#4 C:\Program Files (x86)\Apache Software Foundation\Apache2.2\htdocs\yii\framework\web\CController.php(286): CController->runAction(Object(CInlineAction))
#5 C:\Program Files (x86)\Apache Software Foundation\Apache2.2\htdocs\yii\framework\web\CController.php(265): CController->runActionWithFilters(Object(CInlineAction), Array)
#6 C:\Program Files (x86)\Apache Software Foundation\Apache2.2\htdocs\yii\framework\web\CWebApplication.php(282): CController->run('buscar')
#7 C:\Program Files (x86)\Apache Software Foundation\Apache2.2\htdocs\yii\framework\web\CWebApplication.php(141): CWebApplication->runController('site/buscar')
#8 C:\Program Files (x86)\Apache Software Foundation\Apache2.2\htdocs\yii\framework\base\CApplication.php(169): CWebApplication->processRequest()
#9 C:\Program Files (x86)\Apache Software Foundation\Apache2.2\htdocs\odalyssubastas\odalys\index.php(13): CApplication->run()
#10 {main}
REQUEST_URI=/odalyssubastas/odalys/index.php?r=site/buscar
HTTP_REFERER=http://localhost/odalyssubastas/odalys/index.php
---
2014/01/26 14:48:30 [error] [exception.CException] exception 'CException' with message 'Propiedad "ImagenS"."idusuario" no se encuentra definida.' in C:\Program Files (x86)\Apache Software Foundation\Apache2.2\htdocs\yii\framework\base\CComponent.php:130
Stack trace:
#0 C:\Program Files (x86)\Apache Software Foundation\Apache2.2\htdocs\yii\framework\db\ar\CActiveRecord.php(143): CComponent->__get('idusuario')
#1 C:\Program Files (x86)\Apache Software Foundation\Apache2.2\htdocs\odalyssubastas\odalys\protected\controllers\SiteController.php(399): CActiveRecord->__get('idusuario')
#2 C:\Program Files (x86)\Apache Software Foundation\Apache2.2\htdocs\yii\framework\web\actions\CInlineAction.php(49): SiteController->actionBuscar()
#3 C:\Program Files (x86)\Apache Software Foundation\Apache2.2\htdocs\yii\framework\web\CController.php(308): CInlineAction->runWithParams(Array)
#4 C:\Program Files (x86)\Apache Software Foundation\Apache2.2\htdocs\yii\framework\web\CController.php(286): CController->runAction(Object(CInlineAction))
#5 C:\Program Files (x86)\Apache Software Foundation\Apache2.2\htdocs\yii\framework\web\CController.php(265): CController->runActionWithFilters(Object(CInlineAction), Array)
#6 C:\Program Files (x86)\Apache Software Foundation\Apache2.2\htdocs\yii\framework\web\CWebApplication.php(282): CController->run('buscar')
#7 C:\Program Files (x86)\Apache Software Foundation\Apache2.2\htdocs\yii\framework\web\CWebApplication.php(141): CWebApplication->runController('site/buscar')
#8 C:\Program Files (x86)\Apache Software Foundation\Apache2.2\htdocs\yii\framework\base\CApplication.php(169): CWebApplication->processRequest()
#9 C:\Program Files (x86)\Apache Software Foundation\Apache2.2\htdocs\odalyssubastas\odalys\index.php(13): CApplication->run()
#10 {main}
REQUEST_URI=/odalyssubastas/odalys/index.php?r=site/buscar
HTTP_REFERER=http://localhost/odalyssubastas/odalys/index.php
---
2014/01/26 14:48:34 [error] [exception.CException] exception 'CException' with message 'Propiedad "ImagenS"."idusuario" no se encuentra definida.' in C:\Program Files (x86)\Apache Software Foundation\Apache2.2\htdocs\yii\framework\base\CComponent.php:130
Stack trace:
#0 C:\Program Files (x86)\Apache Software Foundation\Apache2.2\htdocs\yii\framework\db\ar\CActiveRecord.php(143): CComponent->__get('idusuario')
#1 C:\Program Files (x86)\Apache Software Foundation\Apache2.2\htdocs\odalyssubastas\odalys\protected\controllers\SiteController.php(399): CActiveRecord->__get('idusuario')
#2 C:\Program Files (x86)\Apache Software Foundation\Apache2.2\htdocs\yii\framework\web\actions\CInlineAction.php(49): SiteController->actionBuscar()
#3 C:\Program Files (x86)\Apache Software Foundation\Apache2.2\htdocs\yii\framework\web\CController.php(308): CInlineAction->runWithParams(Array)
#4 C:\Program Files (x86)\Apache Software Foundation\Apache2.2\htdocs\yii\framework\web\CController.php(286): CController->runAction(Object(CInlineAction))
#5 C:\Program Files (x86)\Apache Software Foundation\Apache2.2\htdocs\yii\framework\web\CController.php(265): CController->runActionWithFilters(Object(CInlineAction), Array)
#6 C:\Program Files (x86)\Apache Software Foundation\Apache2.2\htdocs\yii\framework\web\CWebApplication.php(282): CController->run('buscar')
#7 C:\Program Files (x86)\Apache Software Foundation\Apache2.2\htdocs\yii\framework\web\CWebApplication.php(141): CWebApplication->runController('site/buscar')
#8 C:\Program Files (x86)\Apache Software Foundation\Apache2.2\htdocs\yii\framework\base\CApplication.php(169): CWebApplication->processRequest()
#9 C:\Program Files (x86)\Apache Software Foundation\Apache2.2\htdocs\odalyssubastas\odalys\index.php(13): CApplication->run()
#10 {main}
REQUEST_URI=/odalyssubastas/odalys/index.php?r=site/buscar
HTTP_REFERER=http://localhost/odalyssubastas/odalys/index.php
---
2014/01/26 14:48:35 [error] [exception.CException] exception 'CException' with message 'Propiedad "ImagenS"."idusuario" no se encuentra definida.' in C:\Program Files (x86)\Apache Software Foundation\Apache2.2\htdocs\yii\framework\base\CComponent.php:130
Stack trace:
#0 C:\Program Files (x86)\Apache Software Foundation\Apache2.2\htdocs\yii\framework\db\ar\CActiveRecord.php(143): CComponent->__get('idusuario')
#1 C:\Program Files (x86)\Apache Software Foundation\Apache2.2\htdocs\odalyssubastas\odalys\protected\controllers\SiteController.php(399): CActiveRecord->__get('idusuario')
#2 C:\Program Files (x86)\Apache Software Foundation\Apache2.2\htdocs\yii\framework\web\actions\CInlineAction.php(49): SiteController->actionBuscar()
#3 C:\Program Files (x86)\Apache Software Foundation\Apache2.2\htdocs\yii\framework\web\CController.php(308): CInlineAction->runWithParams(Array)
#4 C:\Program Files (x86)\Apache Software Foundation\Apache2.2\htdocs\yii\framework\web\CController.php(286): CController->runAction(Object(CInlineAction))
#5 C:\Program Files (x86)\Apache Software Foundation\Apache2.2\htdocs\yii\framework\web\CController.php(265): CController->runActionWithFilters(Object(CInlineAction), Array)
#6 C:\Program Files (x86)\Apache Software Foundation\Apache2.2\htdocs\yii\framework\web\CWebApplication.php(282): CController->run('buscar')
#7 C:\Program Files (x86)\Apache Software Foundation\Apache2.2\htdocs\yii\framework\web\CWebApplication.php(141): CWebApplication->runController('site/buscar')
#8 C:\Program Files (x86)\Apache Software Foundation\Apache2.2\htdocs\yii\framework\base\CApplication.php(169): CWebApplication->processRequest()
#9 C:\Program Files (x86)\Apache Software Foundation\Apache2.2\htdocs\odalyssubastas\odalys\index.php(13): CApplication->run()
#10 {main}
REQUEST_URI=/odalyssubastas/odalys/index.php?r=site/buscar
HTTP_REFERER=http://localhost/odalyssubastas/odalys/index.php
---
2014/01/26 14:48:39 [error] [exception.CException] exception 'CException' with message 'Propiedad "ImagenS"."idusuario" no se encuentra definida.' in C:\Program Files (x86)\Apache Software Foundation\Apache2.2\htdocs\yii\framework\base\CComponent.php:130
Stack trace:
#0 C:\Program Files (x86)\Apache Software Foundation\Apache2.2\htdocs\yii\framework\db\ar\CActiveRecord.php(143): CComponent->__get('idusuario')
#1 C:\Program Files (x86)\Apache Software Foundation\Apache2.2\htdocs\odalyssubastas\odalys\protected\controllers\SiteController.php(399): CActiveRecord->__get('idusuario')
#2 C:\Program Files (x86)\Apache Software Foundation\Apache2.2\htdocs\yii\framework\web\actions\CInlineAction.php(49): SiteController->actionBuscar()
#3 C:\Program Files (x86)\Apache Software Foundation\Apache2.2\htdocs\yii\framework\web\CController.php(308): CInlineAction->runWithParams(Array)
#4 C:\Program Files (x86)\Apache Software Foundation\Apache2.2\htdocs\yii\framework\web\CController.php(286): CController->runAction(Object(CInlineAction))
#5 C:\Program Files (x86)\Apache Software Foundation\Apache2.2\htdocs\yii\framework\web\CController.php(265): CController->runActionWithFilters(Object(CInlineAction), Array)
#6 C:\Program Files (x86)\Apache Software Foundation\Apache2.2\htdocs\yii\framework\web\CWebApplication.php(282): CController->run('buscar')
#7 C:\Program Files (x86)\Apache Software Foundation\Apache2.2\htdocs\yii\framework\web\CWebApplication.php(141): CWebApplication->runController('site/buscar')
#8 C:\Program Files (x86)\Apache Software Foundation\Apache2.2\htdocs\yii\framework\base\CApplication.php(169): CWebApplication->processRequest()
#9 C:\Program Files (x86)\Apache Software Foundation\Apache2.2\htdocs\odalyssubastas\odalys\index.php(13): CApplication->run()
#10 {main}
REQUEST_URI=/odalyssubastas/odalys/index.php?r=site/buscar
HTTP_REFERER=http://localhost/odalyssubastas/odalys/index.php
---
2014/01/26 14:48:40 [error] [exception.CException] exception 'CException' with message 'Propiedad "ImagenS"."idusuario" no se encuentra definida.' in C:\Program Files (x86)\Apache Software Foundation\Apache2.2\htdocs\yii\framework\base\CComponent.php:130
Stack trace:
#0 C:\Program Files (x86)\Apache Software Foundation\Apache2.2\htdocs\yii\framework\db\ar\CActiveRecord.php(143): CComponent->__get('idusuario')
#1 C:\Program Files (x86)\Apache Software Foundation\Apache2.2\htdocs\odalyssubastas\odalys\protected\controllers\SiteController.php(399): CActiveRecord->__get('idusuario')
#2 C:\Program Files (x86)\Apache Software Foundation\Apache2.2\htdocs\yii\framework\web\actions\CInlineAction.php(49): SiteController->actionBuscar()
#3 C:\Program Files (x86)\Apache Software Foundation\Apache2.2\htdocs\yii\framework\web\CController.php(308): CInlineAction->runWithParams(Array)
#4 C:\Program Files (x86)\Apache Software Foundation\Apache2.2\htdocs\yii\framework\web\CController.php(286): CController->runAction(Object(CInlineAction))
#5 C:\Program Files (x86)\Apache Software Foundation\Apache2.2\htdocs\yii\framework\web\CController.php(265): CController->runActionWithFilters(Object(CInlineAction), Array)
#6 C:\Program Files (x86)\Apache Software Foundation\Apache2.2\htdocs\yii\framework\web\CWebApplication.php(282): CController->run('buscar')
#7 C:\Program Files (x86)\Apache Software Foundation\Apache2.2\htdocs\yii\framework\web\CWebApplication.php(141): CWebApplication->runController('site/buscar')
#8 C:\Program Files (x86)\Apache Software Foundation\Apache2.2\htdocs\yii\framework\base\CApplication.php(169): CWebApplication->processRequest()
#9 C:\Program Files (x86)\Apache Software Foundation\Apache2.2\htdocs\odalyssubastas\odalys\index.php(13): CApplication->run()
#10 {main}
REQUEST_URI=/odalyssubastas/odalys/index.php?r=site/buscar
HTTP_REFERER=http://localhost/odalyssubastas/odalys/index.php
---
2014/01/26 14:48:44 [error] [exception.CException] exception 'CException' with message 'Propiedad "ImagenS"."idusuario" no se encuentra definida.' in C:\Program Files (x86)\Apache Software Foundation\Apache2.2\htdocs\yii\framework\base\CComponent.php:130
Stack trace:
#0 C:\Program Files (x86)\Apache Software Foundation\Apache2.2\htdocs\yii\framework\db\ar\CActiveRecord.php(143): CComponent->__get('idusuario')
#1 C:\Program Files (x86)\Apache Software Foundation\Apache2.2\htdocs\odalyssubastas\odalys\protected\controllers\SiteController.php(399): CActiveRecord->__get('idusuario')
#2 C:\Program Files (x86)\Apache Software Foundation\Apache2.2\htdocs\yii\framework\web\actions\CInlineAction.php(49): SiteController->actionBuscar()
#3 C:\Program Files (x86)\Apache Software Foundation\Apache2.2\htdocs\yii\framework\web\CController.php(308): CInlineAction->runWithParams(Array)
#4 C:\Program Files (x86)\Apache Software Foundation\Apache2.2\htdocs\yii\framework\web\CController.php(286): CController->runAction(Object(CInlineAction))
#5 C:\Program Files (x86)\Apache Software Foundation\Apache2.2\htdocs\yii\framework\web\CController.php(265): CController->runActionWithFilters(Object(CInlineAction), Array)
#6 C:\Program Files (x86)\Apache Software Foundation\Apache2.2\htdocs\yii\framework\web\CWebApplication.php(282): CController->run('buscar')
#7 C:\Program Files (x86)\Apache Software Foundation\Apache2.2\htdocs\yii\framework\web\CWebApplication.php(141): CWebApplication->runController('site/buscar')
#8 C:\Program Files (x86)\Apache Software Foundation\Apache2.2\htdocs\yii\framework\base\CApplication.php(169): CWebApplication->processRequest()
#9 C:\Program Files (x86)\Apache Software Foundation\Apache2.2\htdocs\odalyssubastas\odalys\index.php(13): CApplication->run()
#10 {main}
REQUEST_URI=/odalyssubastas/odalys/index.php?r=site/buscar
HTTP_REFERER=http://localhost/odalyssubastas/odalys/index.php
---
2014/01/26 14:48:45 [error] [exception.CException] exception 'CException' with message 'Propiedad "ImagenS"."idusuario" no se encuentra definida.' in C:\Program Files (x86)\Apache Software Foundation\Apache2.2\htdocs\yii\framework\base\CComponent.php:130
Stack trace:
#0 C:\Program Files (x86)\Apache Software Foundation\Apache2.2\htdocs\yii\framework\db\ar\CActiveRecord.php(143): CComponent->__get('idusuario')
#1 C:\Program Files (x86)\Apache Software Foundation\Apache2.2\htdocs\odalyssubastas\odalys\protected\controllers\SiteController.php(399): CActiveRecord->__get('idusuario')
#2 C:\Program Files (x86)\Apache Software Foundation\Apache2.2\htdocs\yii\framework\web\actions\CInlineAction.php(49): SiteController->actionBuscar()
#3 C:\Program Files (x86)\Apache Software Foundation\Apache2.2\htdocs\yii\framework\web\CController.php(308): CInlineAction->runWithParams(Array)
#4 C:\Program Files (x86)\Apache Software Foundation\Apache2.2\htdocs\yii\framework\web\CController.php(286): CController->runAction(Object(CInlineAction))
#5 C:\Program Files (x86)\Apache Software Foundation\Apache2.2\htdocs\yii\framework\web\CController.php(265): CController->runActionWithFilters(Object(CInlineAction), Array)
#6 C:\Program Files (x86)\Apache Software Foundation\Apache2.2\htdocs\yii\framework\web\CWebApplication.php(282): CController->run('buscar')
#7 C:\Program Files (x86)\Apache Software Foundation\Apache2.2\htdocs\yii\framework\web\CWebApplication.php(141): CWebApplication->runController('site/buscar')
#8 C:\Program Files (x86)\Apache Software Foundation\Apache2.2\htdocs\yii\framework\base\CApplication.php(169): CWebApplication->processRequest()
#9 C:\Program Files (x86)\Apache Software Foundation\Apache2.2\htdocs\odalyssubastas\odalys\index.php(13): CApplication->run()
#10 {main}
REQUEST_URI=/odalyssubastas/odalys/index.php?r=site/buscar
HTTP_REFERER=http://localhost/odalyssubastas/odalys/index.php
---
2014/01/26 14:48:49 [error] [exception.CException] exception 'CException' with message 'Propiedad "ImagenS"."idusuario" no se encuentra definida.' in C:\Program Files (x86)\Apache Software Foundation\Apache2.2\htdocs\yii\framework\base\CComponent.php:130
Stack trace:
#0 C:\Program Files (x86)\Apache Software Foundation\Apache2.2\htdocs\yii\framework\db\ar\CActiveRecord.php(143): CComponent->__get('idusuario')
#1 C:\Program Files (x86)\Apache Software Foundation\Apache2.2\htdocs\odalyssubastas\odalys\protected\controllers\SiteController.php(399): CActiveRecord->__get('idusuario')
#2 C:\Program Files (x86)\Apache Software Foundation\Apache2.2\htdocs\yii\framework\web\actions\CInlineAction.php(49): SiteController->actionBuscar()
#3 C:\Program Files (x86)\Apache Software Foundation\Apache2.2\htdocs\yii\framework\web\CController.php(308): CInlineAction->runWithParams(Array)
#4 C:\Program Files (x86)\Apache Software Foundation\Apache2.2\htdocs\yii\framework\web\CController.php(286): CController->runAction(Object(CInlineAction))
#5 C:\Program Files (x86)\Apache Software Foundation\Apache2.2\htdocs\yii\framework\web\CController.php(265): CController->runActionWithFilters(Object(CInlineAction), Array)
#6 C:\Program Files (x86)\Apache Software Foundation\Apache2.2\htdocs\yii\framework\web\CWebApplication.php(282): CController->run('buscar')
#7 C:\Program Files (x86)\Apache Software Foundation\Apache2.2\htdocs\yii\framework\web\CWebApplication.php(141): CWebApplication->runController('site/buscar')
#8 C:\Program Files (x86)\Apache Software Foundation\Apache2.2\htdocs\yii\framework\base\CApplication.php(169): CWebApplication->processRequest()
#9 C:\Program Files (x86)\Apache Software Foundation\Apache2.2\htdocs\odalyssubastas\odalys\index.php(13): CApplication->run()
#10 {main}
REQUEST_URI=/odalyssubastas/odalys/index.php?r=site/buscar
HTTP_REFERER=http://localhost/odalyssubastas/odalys/index.php
---
2014/01/26 14:48:50 [error] [exception.CException] exception 'CException' with message 'Propiedad "ImagenS"."idusuario" no se encuentra definida.' in C:\Program Files (x86)\Apache Software Foundation\Apache2.2\htdocs\yii\framework\base\CComponent.php:130
Stack trace:
#0 C:\Program Files (x86)\Apache Software Foundation\Apache2.2\htdocs\yii\framework\db\ar\CActiveRecord.php(143): CComponent->__get('idusuario')
#1 C:\Program Files (x86)\Apache Software Foundation\Apache2.2\htdocs\odalyssubastas\odalys\protected\controllers\SiteController.php(399): CActiveRecord->__get('idusuario')
#2 C:\Program Files (x86)\Apache Software Foundation\Apache2.2\htdocs\yii\framework\web\actions\CInlineAction.php(49): SiteController->actionBuscar()
#3 C:\Program Files (x86)\Apache Software Foundation\Apache2.2\htdocs\yii\framework\web\CController.php(308): CInlineAction->runWithParams(Array)
#4 C:\Program Files (x86)\Apache Software Foundation\Apache2.2\htdocs\yii\framework\web\CController.php(286): CController->runAction(Object(CInlineAction))
#5 C:\Program Files (x86)\Apache Software Foundation\Apache2.2\htdocs\yii\framework\web\CController.php(265): CController->runActionWithFilters(Object(CInlineAction), Array)
#6 C:\Program Files (x86)\Apache Software Foundation\Apache2.2\htdocs\yii\framework\web\CWebApplication.php(282): CController->run('buscar')
#7 C:\Program Files (x86)\Apache Software Foundation\Apache2.2\htdocs\yii\framework\web\CWebApplication.php(141): CWebApplication->runController('site/buscar')
#8 C:\Program Files (x86)\Apache Software Foundation\Apache2.2\htdocs\yii\framework\base\CApplication.php(169): CWebApplication->processRequest()
#9 C:\Program Files (x86)\Apache Software Foundation\Apache2.2\htdocs\odalyssubastas\odalys\index.php(13): CApplication->run()
#10 {main}
REQUEST_URI=/odalyssubastas/odalys/index.php?r=site/buscar
HTTP_REFERER=http://localhost/odalyssubastas/odalys/index.php
---
2014/01/26 14:48:54 [error] [exception.CException] exception 'CException' with message 'Propiedad "ImagenS"."idusuario" no se encuentra definida.' in C:\Program Files (x86)\Apache Software Foundation\Apache2.2\htdocs\yii\framework\base\CComponent.php:130
Stack trace:
#0 C:\Program Files (x86)\Apache Software Foundation\Apache2.2\htdocs\yii\framework\db\ar\CActiveRecord.php(143): CComponent->__get('idusuario')
#1 C:\Program Files (x86)\Apache Software Foundation\Apache2.2\htdocs\odalyssubastas\odalys\protected\controllers\SiteController.php(400): CActiveRecord->__get('idusuario')
#2 C:\Program Files (x86)\Apache Software Foundation\Apache2.2\htdocs\yii\framework\web\actions\CInlineAction.php(49): SiteController->actionBuscar()
#3 C:\Program Files (x86)\Apache Software Foundation\Apache2.2\htdocs\yii\framework\web\CController.php(308): CInlineAction->runWithParams(Array)
#4 C:\Program Files (x86)\Apache Software Foundation\Apache2.2\htdocs\yii\framework\web\CController.php(286): CController->runAction(Object(CInlineAction))
#5 C:\Program Files (x86)\Apache Software Foundation\Apache2.2\htdocs\yii\framework\web\CController.php(265): CController->runActionWithFilters(Object(CInlineAction), Array)
#6 C:\Program Files (x86)\Apache Software Foundation\Apache2.2\htdocs\yii\framework\web\CWebApplication.php(282): CController->run('buscar')
#7 C:\Program Files (x86)\Apache Software Foundation\Apache2.2\htdocs\yii\framework\web\CWebApplication.php(141): CWebApplication->runController('site/buscar')
#8 C:\Program Files (x86)\Apache Software Foundation\Apache2.2\htdocs\yii\framework\base\CApplication.php(169): CWebApplication->processRequest()
#9 C:\Program Files (x86)\Apache Software Foundation\Apache2.2\htdocs\odalyssubastas\odalys\index.php(13): CApplication->run()
#10 {main}
REQUEST_URI=/odalyssubastas/odalys/index.php?r=site/buscar
HTTP_REFERER=http://localhost/odalyssubastas/odalys/index.php
---
2014/01/26 14:48:55 [error] [exception.CException] exception 'CException' with message 'Propiedad "ImagenS"."idusuario" no se encuentra definida.' in C:\Program Files (x86)\Apache Software Foundation\Apache2.2\htdocs\yii\framework\base\CComponent.php:130
Stack trace:
#0 C:\Program Files (x86)\Apache Software Foundation\Apache2.2\htdocs\yii\framework\db\ar\CActiveRecord.php(143): CComponent->__get('idusuario')
#1 C:\Program Files (x86)\Apache Software Foundation\Apache2.2\htdocs\odalyssubastas\odalys\protected\controllers\SiteController.php(400): CActiveRecord->__get('idusuario')
#2 C:\Program Files (x86)\Apache Software Foundation\Apache2.2\htdocs\yii\framework\web\actions\CInlineAction.php(49): SiteController->actionBuscar()
#3 C:\Program Files (x86)\Apache Software Foundation\Apache2.2\htdocs\yii\framework\web\CController.php(308): CInlineAction->runWithParams(Array)
#4 C:\Program Files (x86)\Apache Software Foundation\Apache2.2\htdocs\yii\framework\web\CController.php(286): CController->runAction(Object(CInlineAction))
#5 C:\Program Files (x86)\Apache Software Foundation\Apache2.2\htdocs\yii\framework\web\CController.php(265): CController->runActionWithFilters(Object(CInlineAction), Array)
#6 C:\Program Files (x86)\Apache Software Foundation\Apache2.2\htdocs\yii\framework\web\CWebApplication.php(282): CController->run('buscar')
#7 C:\Program Files (x86)\Apache Software Foundation\Apache2.2\htdocs\yii\framework\web\CWebApplication.php(141): CWebApplication->runController('site/buscar')
#8 C:\Program Files (x86)\Apache Software Foundation\Apache2.2\htdocs\yii\framework\base\CApplication.php(169): CWebApplication->processRequest()
#9 C:\Program Files (x86)\Apache Software Foundation\Apache2.2\htdocs\odalyssubastas\odalys\index.php(13): CApplication->run()
#10 {main}
REQUEST_URI=/odalyssubastas/odalys/index.php?r=site/buscar
HTTP_REFERER=http://localhost/odalyssubastas/odalys/index.php
---
2014/01/26 14:49:00 [error] [exception.CException] exception 'CException' with message 'Propiedad "ImagenS"."idusuario" no se encuentra definida.' in C:\Program Files (x86)\Apache Software Foundation\Apache2.2\htdocs\yii\framework\base\CComponent.php:130
Stack trace:
#0 C:\Program Files (x86)\Apache Software Foundation\Apache2.2\htdocs\yii\framework\db\ar\CActiveRecord.php(143): CComponent->__get('idusuario')
#1 C:\Program Files (x86)\Apache Software Foundation\Apache2.2\htdocs\odalyssubastas\odalys\protected\controllers\SiteController.php(400): CActiveRecord->__get('idusuario')
#2 C:\Program Files (x86)\Apache Software Foundation\Apache2.2\htdocs\yii\framework\web\actions\CInlineAction.php(49): SiteController->actionBuscar()
#3 C:\Program Files (x86)\Apache Software Foundation\Apache2.2\htdocs\yii\framework\web\CController.php(308): CInlineAction->runWithParams(Array)
#4 C:\Program Files (x86)\Apache Software Foundation\Apache2.2\htdocs\yii\framework\web\CController.php(286): CController->runAction(Object(CInlineAction))
#5 C:\Program Files (x86)\Apache Software Foundation\Apache2.2\htdocs\yii\framework\web\CController.php(265): CController->runActionWithFilters(Object(CInlineAction), Array)
#6 C:\Program Files (x86)\Apache Software Foundation\Apache2.2\htdocs\yii\framework\web\CWebApplication.php(282): CController->run('buscar')
#7 C:\Program Files (x86)\Apache Software Foundation\Apache2.2\htdocs\yii\framework\web\CWebApplication.php(141): CWebApplication->runController('site/buscar')
#8 C:\Program Files (x86)\Apache Software Foundation\Apache2.2\htdocs\yii\framework\base\CApplication.php(169): CWebApplication->processRequest()
#9 C:\Program Files (x86)\Apache Software Foundation\Apache2.2\htdocs\odalyssubastas\odalys\index.php(13): CApplication->run()
#10 {main}
REQUEST_URI=/odalyssubastas/odalys/index.php?r=site/buscar
HTTP_REFERER=http://localhost/odalyssubastas/odalys/index.php
---
2014/01/26 14:49:00 [error] [exception.CException] exception 'CException' with message 'Propiedad "ImagenS"."idusuario" no se encuentra definida.' in C:\Program Files (x86)\Apache Software Foundation\Apache2.2\htdocs\yii\framework\base\CComponent.php:130
Stack trace:
#0 C:\Program Files (x86)\Apache Software Foundation\Apache2.2\htdocs\yii\framework\db\ar\CActiveRecord.php(143): CComponent->__get('idusuario')
#1 C:\Program Files (x86)\Apache Software Foundation\Apache2.2\htdocs\odalyssubastas\odalys\protected\controllers\SiteController.php(400): CActiveRecord->__get('idusuario')
#2 C:\Program Files (x86)\Apache Software Foundation\Apache2.2\htdocs\yii\framework\web\actions\CInlineAction.php(49): SiteController->actionBuscar()
#3 C:\Program Files (x86)\Apache Software Foundation\Apache2.2\htdocs\yii\framework\web\CController.php(308): CInlineAction->runWithParams(Array)
#4 C:\Program Files (x86)\Apache Software Foundation\Apache2.2\htdocs\yii\framework\web\CController.php(286): CController->runAction(Object(CInlineAction))
#5 C:\Program Files (x86)\Apache Software Foundation\Apache2.2\htdocs\yii\framework\web\CController.php(265): CController->runActionWithFilters(Object(CInlineAction), Array)
#6 C:\Program Files (x86)\Apache Software Foundation\Apache2.2\htdocs\yii\framework\web\CWebApplication.php(282): CController->run('buscar')
#7 C:\Program Files (x86)\Apache Software Foundation\Apache2.2\htdocs\yii\framework\web\CWebApplication.php(141): CWebApplication->runController('site/buscar')
#8 C:\Program Files (x86)\Apache Software Foundation\Apache2.2\htdocs\yii\framework\base\CApplication.php(169): CWebApplication->processRequest()
#9 C:\Program Files (x86)\Apache Software Foundation\Apache2.2\htdocs\odalyssubastas\odalys\index.php(13): CApplication->run()
#10 {main}
REQUEST_URI=/odalyssubastas/odalys/index.php?r=site/buscar
HTTP_REFERER=http://localhost/odalyssubastas/odalys/index.php
---
2014/01/26 14:49:05 [error] [exception.CException] exception 'CException' with message 'Propiedad "ImagenS"."idusuario" no se encuentra definida.' in C:\Program Files (x86)\Apache Software Foundation\Apache2.2\htdocs\yii\framework\base\CComponent.php:130
Stack trace:
#0 C:\Program Files (x86)\Apache Software Foundation\Apache2.2\htdocs\yii\framework\db\ar\CActiveRecord.php(143): CComponent->__get('idusuario')
#1 C:\Program Files (x86)\Apache Software Foundation\Apache2.2\htdocs\odalyssubastas\odalys\protected\controllers\SiteController.php(400): CActiveRecord->__get('idusuario')
#2 C:\Program Files (x86)\Apache Software Foundation\Apache2.2\htdocs\yii\framework\web\actions\CInlineAction.php(49): SiteController->actionBuscar()
#3 C:\Program Files (x86)\Apache Software Foundation\Apache2.2\htdocs\yii\framework\web\CController.php(308): CInlineAction->runWithParams(Array)
#4 C:\Program Files (x86)\Apache Software Foundation\Apache2.2\htdocs\yii\framework\web\CController.php(286): CController->runAction(Object(CInlineAction))
#5 C:\Program Files (x86)\Apache Software Foundation\Apache2.2\htdocs\yii\framework\web\CController.php(265): CController->runActionWithFilters(Object(CInlineAction), Array)
#6 C:\Program Files (x86)\Apache Software Foundation\Apache2.2\htdocs\yii\framework\web\CWebApplication.php(282): CController->run('buscar')
#7 C:\Program Files (x86)\Apache Software Foundation\Apache2.2\htdocs\yii\framework\web\CWebApplication.php(141): CWebApplication->runController('site/buscar')
#8 C:\Program Files (x86)\Apache Software Foundation\Apache2.2\htdocs\yii\framework\base\CApplication.php(169): CWebApplication->processRequest()
#9 C:\Program Files (x86)\Apache Software Foundation\Apache2.2\htdocs\odalyssubastas\odalys\index.php(13): CApplication->run()
#10 {main}
REQUEST_URI=/odalyssubastas/odalys/index.php?r=site/buscar
HTTP_REFERER=http://localhost/odalyssubastas/odalys/index.php
---
2014/01/26 14:49:05 [error] [exception.CException] exception 'CException' with message 'Propiedad "ImagenS"."idusuario" no se encuentra definida.' in C:\Program Files (x86)\Apache Software Foundation\Apache2.2\htdocs\yii\framework\base\CComponent.php:130
Stack trace:
#0 C:\Program Files (x86)\Apache Software Foundation\Apache2.2\htdocs\yii\framework\db\ar\CActiveRecord.php(143): CComponent->__get('idusuario')
#1 C:\Program Files (x86)\Apache Software Foundation\Apache2.2\htdocs\odalyssubastas\odalys\protected\controllers\SiteController.php(400): CActiveRecord->__get('idusuario')
#2 C:\Program Files (x86)\Apache Software Foundation\Apache2.2\htdocs\yii\framework\web\actions\CInlineAction.php(49): SiteController->actionBuscar()
#3 C:\Program Files (x86)\Apache Software Foundation\Apache2.2\htdocs\yii\framework\web\CController.php(308): CInlineAction->runWithParams(Array)
#4 C:\Program Files (x86)\Apache Software Foundation\Apache2.2\htdocs\yii\framework\web\CController.php(286): CController->runAction(Object(CInlineAction))
#5 C:\Program Files (x86)\Apache Software Foundation\Apache2.2\htdocs\yii\framework\web\CController.php(265): CController->runActionWithFilters(Object(CInlineAction), Array)
#6 C:\Program Files (x86)\Apache Software Foundation\Apache2.2\htdocs\yii\framework\web\CWebApplication.php(282): CController->run('buscar')
#7 C:\Program Files (x86)\Apache Software Foundation\Apache2.2\htdocs\yii\framework\web\CWebApplication.php(141): CWebApplication->runController('site/buscar')
#8 C:\Program Files (x86)\Apache Software Foundation\Apache2.2\htdocs\yii\framework\base\CApplication.php(169): CWebApplication->processRequest()
#9 C:\Program Files (x86)\Apache Software Foundation\Apache2.2\htdocs\odalyssubastas\odalys\index.php(13): CApplication->run()
#10 {main}
REQUEST_URI=/odalyssubastas/odalys/index.php?r=site/buscar
HTTP_REFERER=http://localhost/odalyssubastas/odalys/index.php
---
2014/01/26 14:49:10 [error] [exception.CException] exception 'CException' with message 'Propiedad "ImagenS"."idusuario" no se encuentra definida.' in C:\Program Files (x86)\Apache Software Foundation\Apache2.2\htdocs\yii\framework\base\CComponent.php:130
Stack trace:
#0 C:\Program Files (x86)\Apache Software Foundation\Apache2.2\htdocs\yii\framework\db\ar\CActiveRecord.php(143): CComponent->__get('idusuario')
#1 C:\Program Files (x86)\Apache Software Foundation\Apache2.2\htdocs\odalyssubastas\odalys\protected\controllers\SiteController.php(400): CActiveRecord->__get('idusuario')
#2 C:\Program Files (x86)\Apache Software Foundation\Apache2.2\htdocs\yii\framework\web\actions\CInlineAction.php(49): SiteController->actionBuscar()
#3 C:\Program Files (x86)\Apache Software Foundation\Apache2.2\htdocs\yii\framework\web\CController.php(308): CInlineAction->runWithParams(Array)
#4 C:\Program Files (x86)\Apache Software Foundation\Apache2.2\htdocs\yii\framework\web\CController.php(286): CController->runAction(Object(CInlineAction))
#5 C:\Program Files (x86)\Apache Software Foundation\Apache2.2\htdocs\yii\framework\web\CController.php(265): CController->runActionWithFilters(Object(CInlineAction), Array)
#6 C:\Program Files (x86)\Apache Software Foundation\Apache2.2\htdocs\yii\framework\web\CWebApplication.php(282): CController->run('buscar')
#7 C:\Program Files (x86)\Apache Software Foundation\Apache2.2\htdocs\yii\framework\web\CWebApplication.php(141): CWebApplication->runController('site/buscar')
#8 C:\Program Files (x86)\Apache Software Foundation\Apache2.2\htdocs\yii\framework\base\CApplication.php(169): CWebApplication->processRequest()
#9 C:\Program Files (x86)\Apache Software Foundation\Apache2.2\htdocs\odalyssubastas\odalys\index.php(13): CApplication->run()
#10 {main}
REQUEST_URI=/odalyssubastas/odalys/index.php?r=site/buscar
HTTP_REFERER=http://localhost/odalyssubastas/odalys/index.php
---
2014/01/26 14:49:10 [error] [exception.CException] exception 'CException' with message 'Propiedad "ImagenS"."idusuario" no se encuentra definida.' in C:\Program Files (x86)\Apache Software Foundation\Apache2.2\htdocs\yii\framework\base\CComponent.php:130
Stack trace:
#0 C:\Program Files (x86)\Apache Software Foundation\Apache2.2\htdocs\yii\framework\db\ar\CActiveRecord.php(143): CComponent->__get('idusuario')
#1 C:\Program Files (x86)\Apache Software Foundation\Apache2.2\htdocs\odalyssubastas\odalys\protected\controllers\SiteController.php(400): CActiveRecord->__get('idusuario')
#2 C:\Program Files (x86)\Apache Software Foundation\Apache2.2\htdocs\yii\framework\web\actions\CInlineAction.php(49): SiteController->actionBuscar()
#3 C:\Program Files (x86)\Apache Software Foundation\Apache2.2\htdocs\yii\framework\web\CController.php(308): CInlineAction->runWithParams(Array)
#4 C:\Program Files (x86)\Apache Software Foundation\Apache2.2\htdocs\yii\framework\web\CController.php(286): CController->runAction(Object(CInlineAction))
#5 C:\Program Files (x86)\Apache Software Foundation\Apache2.2\htdocs\yii\framework\web\CController.php(265): CController->runActionWithFilters(Object(CInlineAction), Array)
#6 C:\Program Files (x86)\Apache Software Foundation\Apache2.2\htdocs\yii\framework\web\CWebApplication.php(282): CController->run('buscar')
#7 C:\Program Files (x86)\Apache Software Foundation\Apache2.2\htdocs\yii\framework\web\CWebApplication.php(141): CWebApplication->runController('site/buscar')
#8 C:\Program Files (x86)\Apache Software Foundation\Apache2.2\htdocs\yii\framework\base\CApplication.php(169): CWebApplication->processRequest()
#9 C:\Program Files (x86)\Apache Software Foundation\Apache2.2\htdocs\odalyssubastas\odalys\index.php(13): CApplication->run()
#10 {main}
REQUEST_URI=/odalyssubastas/odalys/index.php?r=site/buscar
HTTP_REFERER=http://localhost/odalyssubastas/odalys/index.php
---
2014/01/26 14:49:15 [error] [exception.CException] exception 'CException' with message 'Propiedad "ImagenS"."idusuario" no se encuentra definida.' in C:\Program Files (x86)\Apache Software Foundation\Apache2.2\htdocs\yii\framework\base\CComponent.php:130
Stack trace:
#0 C:\Program Files (x86)\Apache Software Foundation\Apache2.2\htdocs\yii\framework\db\ar\CActiveRecord.php(143): CComponent->__get('idusuario')
#1 C:\Program Files (x86)\Apache Software Foundation\Apache2.2\htdocs\odalyssubastas\odalys\protected\controllers\SiteController.php(400): CActiveRecord->__get('idusuario')
#2 C:\Program Files (x86)\Apache Software Foundation\Apache2.2\htdocs\yii\framework\web\actions\CInlineAction.php(49): SiteController->actionBuscar()
#3 C:\Program Files (x86)\Apache Software Foundation\Apache2.2\htdocs\yii\framework\web\CController.php(308): CInlineAction->runWithParams(Array)
#4 C:\Program Files (x86)\Apache Software Foundation\Apache2.2\htdocs\yii\framework\web\CController.php(286): CController->runAction(Object(CInlineAction))
#5 C:\Program Files (x86)\Apache Software Foundation\Apache2.2\htdocs\yii\framework\web\CController.php(265): CController->runActionWithFilters(Object(CInlineAction), Array)
#6 C:\Program Files (x86)\Apache Software Foundation\Apache2.2\htdocs\yii\framework\web\CWebApplication.php(282): CController->run('buscar')
#7 C:\Program Files (x86)\Apache Software Foundation\Apache2.2\htdocs\yii\framework\web\CWebApplication.php(141): CWebApplication->runController('site/buscar')
#8 C:\Program Files (x86)\Apache Software Foundation\Apache2.2\htdocs\yii\framework\base\CApplication.php(169): CWebApplication->processRequest()
#9 C:\Program Files (x86)\Apache Software Foundation\Apache2.2\htdocs\odalyssubastas\odalys\index.php(13): CApplication->run()
#10 {main}
REQUEST_URI=/odalyssubastas/odalys/index.php?r=site/buscar
HTTP_REFERER=http://localhost/odalyssubastas/odalys/index.php
---
2014/01/26 14:49:15 [error] [exception.CException] exception 'CException' with message 'Propiedad "ImagenS"."idusuario" no se encuentra definida.' in C:\Program Files (x86)\Apache Software Foundation\Apache2.2\htdocs\yii\framework\base\CComponent.php:130
Stack trace:
#0 C:\Program Files (x86)\Apache Software Foundation\Apache2.2\htdocs\yii\framework\db\ar\CActiveRecord.php(143): CComponent->__get('idusuario')
#1 C:\Program Files (x86)\Apache Software Foundation\Apache2.2\htdocs\odalyssubastas\odalys\protected\controllers\SiteController.php(400): CActiveRecord->__get('idusuario')
#2 C:\Program Files (x86)\Apache Software Foundation\Apache2.2\htdocs\yii\framework\web\actions\CInlineAction.php(49): SiteController->actionBuscar()
#3 C:\Program Files (x86)\Apache Software Foundation\Apache2.2\htdocs\yii\framework\web\CController.php(308): CInlineAction->runWithParams(Array)
#4 C:\Program Files (x86)\Apache Software Foundation\Apache2.2\htdocs\yii\framework\web\CController.php(286): CController->runAction(Object(CInlineAction))
#5 C:\Program Files (x86)\Apache Software Foundation\Apache2.2\htdocs\yii\framework\web\CController.php(265): CController->runActionWithFilters(Object(CInlineAction), Array)
#6 C:\Program Files (x86)\Apache Software Foundation\Apache2.2\htdocs\yii\framework\web\CWebApplication.php(282): CController->run('buscar')
#7 C:\Program Files (x86)\Apache Software Foundation\Apache2.2\htdocs\yii\framework\web\CWebApplication.php(141): CWebApplication->runController('site/buscar')
#8 C:\Program Files (x86)\Apache Software Foundation\Apache2.2\htdocs\yii\framework\base\CApplication.php(169): CWebApplication->processRequest()
#9 C:\Program Files (x86)\Apache Software Foundation\Apache2.2\htdocs\odalyssubastas\odalys\index.php(13): CApplication->run()
#10 {main}
REQUEST_URI=/odalyssubastas/odalys/index.php?r=site/buscar
HTTP_REFERER=http://localhost/odalyssubastas/odalys/index.php
---
2014/01/26 14:49:20 [error] [exception.CException] exception 'CException' with message 'Propiedad "ImagenS"."idusuario" no se encuentra definida.' in C:\Program Files (x86)\Apache Software Foundation\Apache2.2\htdocs\yii\framework\base\CComponent.php:130
Stack trace:
#0 C:\Program Files (x86)\Apache Software Foundation\Apache2.2\htdocs\yii\framework\db\ar\CActiveRecord.php(143): CComponent->__get('idusuario')
#1 C:\Program Files (x86)\Apache Software Foundation\Apache2.2\htdocs\odalyssubastas\odalys\protected\controllers\SiteController.php(400): CActiveRecord->__get('idusuario')
#2 C:\Program Files (x86)\Apache Software Foundation\Apache2.2\htdocs\yii\framework\web\actions\CInlineAction.php(49): SiteController->actionBuscar()
#3 C:\Program Files (x86)\Apache Software Foundation\Apache2.2\htdocs\yii\framework\web\CController.php(308): CInlineAction->runWithParams(Array)
#4 C:\Program Files (x86)\Apache Software Foundation\Apache2.2\htdocs\yii\framework\web\CController.php(286): CController->runAction(Object(CInlineAction))
#5 C:\Program Files (x86)\Apache Software Foundation\Apache2.2\htdocs\yii\framework\web\CController.php(265): CController->runActionWithFilters(Object(CInlineAction), Array)
#6 C:\Program Files (x86)\Apache Software Foundation\Apache2.2\htdocs\yii\framework\web\CWebApplication.php(282): CController->run('buscar')
#7 C:\Program Files (x86)\Apache Software Foundation\Apache2.2\htdocs\yii\framework\web\CWebApplication.php(141): CWebApplication->runController('site/buscar')
#8 C:\Program Files (x86)\Apache Software Foundation\Apache2.2\htdocs\yii\framework\base\CApplication.php(169): CWebApplication->processRequest()
#9 C:\Program Files (x86)\Apache Software Foundation\Apache2.2\htdocs\odalyssubastas\odalys\index.php(13): CApplication->run()
#10 {main}
REQUEST_URI=/odalyssubastas/odalys/index.php?r=site/buscar
HTTP_REFERER=http://localhost/odalyssubastas/odalys/index.php
---
2014/01/26 14:49:20 [error] [exception.CException] exception 'CException' with message 'Propiedad "ImagenS"."idusuario" no se encuentra definida.' in C:\Program Files (x86)\Apache Software Foundation\Apache2.2\htdocs\yii\framework\base\CComponent.php:130
Stack trace:
#0 C:\Program Files (x86)\Apache Software Foundation\Apache2.2\htdocs\yii\framework\db\ar\CActiveRecord.php(143): CComponent->__get('idusuario')
#1 C:\Program Files (x86)\Apache Software Foundation\Apache2.2\htdocs\odalyssubastas\odalys\protected\controllers\SiteController.php(400): CActiveRecord->__get('idusuario')
#2 C:\Program Files (x86)\Apache Software Foundation\Apache2.2\htdocs\yii\framework\web\actions\CInlineAction.php(49): SiteController->actionBuscar()
#3 C:\Program Files (x86)\Apache Software Foundation\Apache2.2\htdocs\yii\framework\web\CController.php(308): CInlineAction->runWithParams(Array)
#4 C:\Program Files (x86)\Apache Software Foundation\Apache2.2\htdocs\yii\framework\web\CController.php(286): CController->runAction(Object(CInlineAction))
#5 C:\Program Files (x86)\Apache Software Foundation\Apache2.2\htdocs\yii\framework\web\CController.php(265): CController->runActionWithFilters(Object(CInlineAction), Array)
#6 C:\Program Files (x86)\Apache Software Foundation\Apache2.2\htdocs\yii\framework\web\CWebApplication.php(282): CController->run('buscar')
#7 C:\Program Files (x86)\Apache Software Foundation\Apache2.2\htdocs\yii\framework\web\CWebApplication.php(141): CWebApplication->runController('site/buscar')
#8 C:\Program Files (x86)\Apache Software Foundation\Apache2.2\htdocs\yii\framework\base\CApplication.php(169): CWebApplication->processRequest()
#9 C:\Program Files (x86)\Apache Software Foundation\Apache2.2\htdocs\odalyssubastas\odalys\index.php(13): CApplication->run()
#10 {main}
REQUEST_URI=/odalyssubastas/odalys/index.php?r=site/buscar
HTTP_REFERER=http://localhost/odalyssubastas/odalys/index.php
---
2014/01/26 14:49:25 [error] [exception.CException] exception 'CException' with message 'Propiedad "ImagenS"."idusuario" no se encuentra definida.' in C:\Program Files (x86)\Apache Software Foundation\Apache2.2\htdocs\yii\framework\base\CComponent.php:130
Stack trace:
#0 C:\Program Files (x86)\Apache Software Foundation\Apache2.2\htdocs\yii\framework\db\ar\CActiveRecord.php(143): CComponent->__get('idusuario')
#1 C:\Program Files (x86)\Apache Software Foundation\Apache2.2\htdocs\odalyssubastas\odalys\protected\controllers\SiteController.php(400): CActiveRecord->__get('idusuario')
#2 C:\Program Files (x86)\Apache Software Foundation\Apache2.2\htdocs\yii\framework\web\actions\CInlineAction.php(49): SiteController->actionBuscar()
#3 C:\Program Files (x86)\Apache Software Foundation\Apache2.2\htdocs\yii\framework\web\CController.php(308): CInlineAction->runWithParams(Array)
#4 C:\Program Files (x86)\Apache Software Foundation\Apache2.2\htdocs\yii\framework\web\CController.php(286): CController->runAction(Object(CInlineAction))
#5 C:\Program Files (x86)\Apache Software Foundation\Apache2.2\htdocs\yii\framework\web\CController.php(265): CController->runActionWithFilters(Object(CInlineAction), Array)
#6 C:\Program Files (x86)\Apache Software Foundation\Apache2.2\htdocs\yii\framework\web\CWebApplication.php(282): CController->run('buscar')
#7 C:\Program Files (x86)\Apache Software Foundation\Apache2.2\htdocs\yii\framework\web\CWebApplication.php(141): CWebApplication->runController('site/buscar')
#8 C:\Program Files (x86)\Apache Software Foundation\Apache2.2\htdocs\yii\framework\base\CApplication.php(169): CWebApplication->processRequest()
#9 C:\Program Files (x86)\Apache Software Foundation\Apache2.2\htdocs\odalyssubastas\odalys\index.php(13): CApplication->run()
#10 {main}
REQUEST_URI=/odalyssubastas/odalys/index.php?r=site/buscar
HTTP_REFERER=http://localhost/odalyssubastas/odalys/index.php
---
2014/01/26 14:49:25 [error] [exception.CException] exception 'CException' with message 'Propiedad "ImagenS"."idusuario" no se encuentra definida.' in C:\Program Files (x86)\Apache Software Foundation\Apache2.2\htdocs\yii\framework\base\CComponent.php:130
Stack trace:
#0 C:\Program Files (x86)\Apache Software Foundation\Apache2.2\htdocs\yii\framework\db\ar\CActiveRecord.php(143): CComponent->__get('idusuario')
#1 C:\Program Files (x86)\Apache Software Foundation\Apache2.2\htdocs\odalyssubastas\odalys\protected\controllers\SiteController.php(400): CActiveRecord->__get('idusuario')
#2 C:\Program Files (x86)\Apache Software Foundation\Apache2.2\htdocs\yii\framework\web\actions\CInlineAction.php(49): SiteController->actionBuscar()
#3 C:\Program Files (x86)\Apache Software Foundation\Apache2.2\htdocs\yii\framework\web\CController.php(308): CInlineAction->runWithParams(Array)
#4 C:\Program Files (x86)\Apache Software Foundation\Apache2.2\htdocs\yii\framework\web\CController.php(286): CController->runAction(Object(CInlineAction))
#5 C:\Program Files (x86)\Apache Software Foundation\Apache2.2\htdocs\yii\framework\web\CController.php(265): CController->runActionWithFilters(Object(CInlineAction), Array)
#6 C:\Program Files (x86)\Apache Software Foundation\Apache2.2\htdocs\yii\framework\web\CWebApplication.php(282): CController->run('buscar')
#7 C:\Program Files (x86)\Apache Software Foundation\Apache2.2\htdocs\yii\framework\web\CWebApplication.php(141): CWebApplication->runController('site/buscar')
#8 C:\Program Files (x86)\Apache Software Foundation\Apache2.2\htdocs\yii\framework\base\CApplication.php(169): CWebApplication->processRequest()
#9 C:\Program Files (x86)\Apache Software Foundation\Apache2.2\htdocs\odalyssubastas\odalys\index.php(13): CApplication->run()
#10 {main}
REQUEST_URI=/odalyssubastas/odalys/index.php?r=site/buscar
HTTP_REFERER=http://localhost/odalyssubastas/odalys/index.php
---
2014/01/26 14:49:30 [error] [exception.CException] exception 'CException' with message 'Propiedad "ImagenS"."idusuario" no se encuentra definida.' in C:\Program Files (x86)\Apache Software Foundation\Apache2.2\htdocs\yii\framework\base\CComponent.php:130
Stack trace:
#0 C:\Program Files (x86)\Apache Software Foundation\Apache2.2\htdocs\yii\framework\db\ar\CActiveRecord.php(143): CComponent->__get('idusuario')
#1 C:\Program Files (x86)\Apache Software Foundation\Apache2.2\htdocs\odalyssubastas\odalys\protected\controllers\SiteController.php(400): CActiveRecord->__get('idusuario')
#2 C:\Program Files (x86)\Apache Software Foundation\Apache2.2\htdocs\yii\framework\web\actions\CInlineAction.php(49): SiteController->actionBuscar()
#3 C:\Program Files (x86)\Apache Software Foundation\Apache2.2\htdocs\yii\framework\web\CController.php(308): CInlineAction->runWithParams(Array)
#4 C:\Program Files (x86)\Apache Software Foundation\Apache2.2\htdocs\yii\framework\web\CController.php(286): CController->runAction(Object(CInlineAction))
#5 C:\Program Files (x86)\Apache Software Foundation\Apache2.2\htdocs\yii\framework\web\CController.php(265): CController->runActionWithFilters(Object(CInlineAction), Array)
#6 C:\Program Files (x86)\Apache Software Foundation\Apache2.2\htdocs\yii\framework\web\CWebApplication.php(282): CController->run('buscar')
#7 C:\Program Files (x86)\Apache Software Foundation\Apache2.2\htdocs\yii\framework\web\CWebApplication.php(141): CWebApplication->runController('site/buscar')
#8 C:\Program Files (x86)\Apache Software Foundation\Apache2.2\htdocs\yii\framework\base\CApplication.php(169): CWebApplication->processRequest()
#9 C:\Program Files (x86)\Apache Software Foundation\Apache2.2\htdocs\odalyssubastas\odalys\index.php(13): CApplication->run()
#10 {main}
REQUEST_URI=/odalyssubastas/odalys/index.php?r=site/buscar
HTTP_REFERER=http://localhost/odalyssubastas/odalys/index.php
---
2014/01/26 14:49:30 [error] [exception.CException] exception 'CException' with message 'Propiedad "ImagenS"."idusuario" no se encuentra definida.' in C:\Program Files (x86)\Apache Software Foundation\Apache2.2\htdocs\yii\framework\base\CComponent.php:130
Stack trace:
#0 C:\Program Files (x86)\Apache Software Foundation\Apache2.2\htdocs\yii\framework\db\ar\CActiveRecord.php(143): CComponent->__get('idusuario')
#1 C:\Program Files (x86)\Apache Software Foundation\Apache2.2\htdocs\odalyssubastas\odalys\protected\controllers\SiteController.php(400): CActiveRecord->__get('idusuario')
#2 C:\Program Files (x86)\Apache Software Foundation\Apache2.2\htdocs\yii\framework\web\actions\CInlineAction.php(49): SiteController->actionBuscar()
#3 C:\Program Files (x86)\Apache Software Foundation\Apache2.2\htdocs\yii\framework\web\CController.php(308): CInlineAction->runWithParams(Array)
#4 C:\Program Files (x86)\Apache Software Foundation\Apache2.2\htdocs\yii\framework\web\CController.php(286): CController->runAction(Object(CInlineAction))
#5 C:\Program Files (x86)\Apache Software Foundation\Apache2.2\htdocs\yii\framework\web\CController.php(265): CController->runActionWithFilters(Object(CInlineAction), Array)
#6 C:\Program Files (x86)\Apache Software Foundation\Apache2.2\htdocs\yii\framework\web\CWebApplication.php(282): CController->run('buscar')
#7 C:\Program Files (x86)\Apache Software Foundation\Apache2.2\htdocs\yii\framework\web\CWebApplication.php(141): CWebApplication->runController('site/buscar')
#8 C:\Program Files (x86)\Apache Software Foundation\Apache2.2\htdocs\yii\framework\base\CApplication.php(169): CWebApplication->processRequest()
#9 C:\Program Files (x86)\Apache Software Foundation\Apache2.2\htdocs\odalyssubastas\odalys\index.php(13): CApplication->run()
#10 {main}
REQUEST_URI=/odalyssubastas/odalys/index.php?r=site/buscar
HTTP_REFERER=http://localhost/odalyssubastas/odalys/index.php
---
2014/01/26 14:49:35 [error] [exception.CException] exception 'CException' with message 'Propiedad "ImagenS"."idusuario" no se encuentra definida.' in C:\Program Files (x86)\Apache Software Foundation\Apache2.2\htdocs\yii\framework\base\CComponent.php:130
Stack trace:
#0 C:\Program Files (x86)\Apache Software Foundation\Apache2.2\htdocs\yii\framework\db\ar\CActiveRecord.php(143): CComponent->__get('idusuario')
#1 C:\Program Files (x86)\Apache Software Foundation\Apache2.2\htdocs\odalyssubastas\odalys\protected\controllers\SiteController.php(400): CActiveRecord->__get('idusuario')
#2 C:\Program Files (x86)\Apache Software Foundation\Apache2.2\htdocs\yii\framework\web\actions\CInlineAction.php(49): SiteController->actionBuscar()
#3 C:\Program Files (x86)\Apache Software Foundation\Apache2.2\htdocs\yii\framework\web\CController.php(308): CInlineAction->runWithParams(Array)
#4 C:\Program Files (x86)\Apache Software Foundation\Apache2.2\htdocs\yii\framework\web\CController.php(286): CController->runAction(Object(CInlineAction))
#5 C:\Program Files (x86)\Apache Software Foundation\Apache2.2\htdocs\yii\framework\web\CController.php(265): CController->runActionWithFilters(Object(CInlineAction), Array)
#6 C:\Program Files (x86)\Apache Software Foundation\Apache2.2\htdocs\yii\framework\web\CWebApplication.php(282): CController->run('buscar')
#7 C:\Program Files (x86)\Apache Software Foundation\Apache2.2\htdocs\yii\framework\web\CWebApplication.php(141): CWebApplication->runController('site/buscar')
#8 C:\Program Files (x86)\Apache Software Foundation\Apache2.2\htdocs\yii\framework\base\CApplication.php(169): CWebApplication->processRequest()
#9 C:\Program Files (x86)\Apache Software Foundation\Apache2.2\htdocs\odalyssubastas\odalys\index.php(13): CApplication->run()
#10 {main}
REQUEST_URI=/odalyssubastas/odalys/index.php?r=site/buscar
HTTP_REFERER=http://localhost/odalyssubastas/odalys/index.php
---
2014/01/26 14:49:35 [error] [exception.CException] exception 'CException' with message 'Propiedad "ImagenS"."idusuario" no se encuentra definida.' in C:\Program Files (x86)\Apache Software Foundation\Apache2.2\htdocs\yii\framework\base\CComponent.php:130
Stack trace:
#0 C:\Program Files (x86)\Apache Software Foundation\Apache2.2\htdocs\yii\framework\db\ar\CActiveRecord.php(143): CComponent->__get('idusuario')
#1 C:\Program Files (x86)\Apache Software Foundation\Apache2.2\htdocs\odalyssubastas\odalys\protected\controllers\SiteController.php(400): CActiveRecord->__get('idusuario')
#2 C:\Program Files (x86)\Apache Software Foundation\Apache2.2\htdocs\yii\framework\web\actions\CInlineAction.php(49): SiteController->actionBuscar()
#3 C:\Program Files (x86)\Apache Software Foundation\Apache2.2\htdocs\yii\framework\web\CController.php(308): CInlineAction->runWithParams(Array)
#4 C:\Program Files (x86)\Apache Software Foundation\Apache2.2\htdocs\yii\framework\web\CController.php(286): CController->runAction(Object(CInlineAction))
#5 C:\Program Files (x86)\Apache Software Foundation\Apache2.2\htdocs\yii\framework\web\CController.php(265): CController->runActionWithFilters(Object(CInlineAction), Array)
#6 C:\Program Files (x86)\Apache Software Foundation\Apache2.2\htdocs\yii\framework\web\CWebApplication.php(282): CController->run('buscar')
#7 C:\Program Files (x86)\Apache Software Foundation\Apache2.2\htdocs\yii\framework\web\CWebApplication.php(141): CWebApplication->runController('site/buscar')
#8 C:\Program Files (x86)\Apache Software Foundation\Apache2.2\htdocs\yii\framework\base\CApplication.php(169): CWebApplication->processRequest()
#9 C:\Program Files (x86)\Apache Software Foundation\Apache2.2\htdocs\odalyssubastas\odalys\index.php(13): CApplication->run()
#10 {main}
REQUEST_URI=/odalyssubastas/odalys/index.php?r=site/buscar
HTTP_REFERER=http://localhost/odalyssubastas/odalys/index.php
---
2014/01/26 14:49:40 [error] [exception.CException] exception 'CException' with message 'Propiedad "ImagenS"."idusuario" no se encuentra definida.' in C:\Program Files (x86)\Apache Software Foundation\Apache2.2\htdocs\yii\framework\base\CComponent.php:130
Stack trace:
#0 C:\Program Files (x86)\Apache Software Foundation\Apache2.2\htdocs\yii\framework\db\ar\CActiveRecord.php(143): CComponent->__get('idusuario')
#1 C:\Program Files (x86)\Apache Software Foundation\Apache2.2\htdocs\odalyssubastas\odalys\protected\controllers\SiteController.php(400): CActiveRecord->__get('idusuario')
#2 C:\Program Files (x86)\Apache Software Foundation\Apache2.2\htdocs\yii\framework\web\actions\CInlineAction.php(49): SiteController->actionBuscar()
#3 C:\Program Files (x86)\Apache Software Foundation\Apache2.2\htdocs\yii\framework\web\CController.php(308): CInlineAction->runWithParams(Array)
#4 C:\Program Files (x86)\Apache Software Foundation\Apache2.2\htdocs\yii\framework\web\CController.php(286): CController->runAction(Object(CInlineAction))
#5 C:\Program Files (x86)\Apache Software Foundation\Apache2.2\htdocs\yii\framework\web\CController.php(265): CController->runActionWithFilters(Object(CInlineAction), Array)
#6 C:\Program Files (x86)\Apache Software Foundation\Apache2.2\htdocs\yii\framework\web\CWebApplication.php(282): CController->run('buscar')
#7 C:\Program Files (x86)\Apache Software Foundation\Apache2.2\htdocs\yii\framework\web\CWebApplication.php(141): CWebApplication->runController('site/buscar')
#8 C:\Program Files (x86)\Apache Software Foundation\Apache2.2\htdocs\yii\framework\base\CApplication.php(169): CWebApplication->processRequest()
#9 C:\Program Files (x86)\Apache Software Foundation\Apache2.2\htdocs\odalyssubastas\odalys\index.php(13): CApplication->run()
#10 {main}
REQUEST_URI=/odalyssubastas/odalys/index.php?r=site/buscar
HTTP_REFERER=http://localhost/odalyssubastas/odalys/index.php
---
2014/01/26 14:49:40 [error] [exception.CException] exception 'CException' with message 'Propiedad "ImagenS"."idusuario" no se encuentra definida.' in C:\Program Files (x86)\Apache Software Foundation\Apache2.2\htdocs\yii\framework\base\CComponent.php:130
Stack trace:
#0 C:\Program Files (x86)\Apache Software Foundation\Apache2.2\htdocs\yii\framework\db\ar\CActiveRecord.php(143): CComponent->__get('idusuario')
#1 C:\Program Files (x86)\Apache Software Foundation\Apache2.2\htdocs\odalyssubastas\odalys\protected\controllers\SiteController.php(400): CActiveRecord->__get('idusuario')
#2 C:\Program Files (x86)\Apache Software Foundation\Apache2.2\htdocs\yii\framework\web\actions\CInlineAction.php(49): SiteController->actionBuscar()
#3 C:\Program Files (x86)\Apache Software Foundation\Apache2.2\htdocs\yii\framework\web\CController.php(308): CInlineAction->runWithParams(Array)
#4 C:\Program Files (x86)\Apache Software Foundation\Apache2.2\htdocs\yii\framework\web\CController.php(286): CController->runAction(Object(CInlineAction))
#5 C:\Program Files (x86)\Apache Software Foundation\Apache2.2\htdocs\yii\framework\web\CController.php(265): CController->runActionWithFilters(Object(CInlineAction), Array)
#6 C:\Program Files (x86)\Apache Software Foundation\Apache2.2\htdocs\yii\framework\web\CWebApplication.php(282): CController->run('buscar')
#7 C:\Program Files (x86)\Apache Software Foundation\Apache2.2\htdocs\yii\framework\web\CWebApplication.php(141): CWebApplication->runController('site/buscar')
#8 C:\Program Files (x86)\Apache Software Foundation\Apache2.2\htdocs\yii\framework\base\CApplication.php(169): CWebApplication->processRequest()
#9 C:\Program Files (x86)\Apache Software Foundation\Apache2.2\htdocs\odalyssubastas\odalys\index.php(13): CApplication->run()
#10 {main}
REQUEST_URI=/odalyssubastas/odalys/index.php?r=site/buscar
HTTP_REFERER=http://localhost/odalyssubastas/odalys/index.php
---
2014/01/26 14:49:45 [error] [exception.CException] exception 'CException' with message 'Propiedad "ImagenS"."idusuario" no se encuentra definida.' in C:\Program Files (x86)\Apache Software Foundation\Apache2.2\htdocs\yii\framework\base\CComponent.php:130
Stack trace:
#0 C:\Program Files (x86)\Apache Software Foundation\Apache2.2\htdocs\yii\framework\db\ar\CActiveRecord.php(143): CComponent->__get('idusuario')
#1 C:\Program Files (x86)\Apache Software Foundation\Apache2.2\htdocs\odalyssubastas\odalys\protected\controllers\SiteController.php(400): CActiveRecord->__get('idusuario')
#2 C:\Program Files (x86)\Apache Software Foundation\Apache2.2\htdocs\yii\framework\web\actions\CInlineAction.php(49): SiteController->actionBuscar()
#3 C:\Program Files (x86)\Apache Software Foundation\Apache2.2\htdocs\yii\framework\web\CController.php(308): CInlineAction->runWithParams(Array)
#4 C:\Program Files (x86)\Apache Software Foundation\Apache2.2\htdocs\yii\framework\web\CController.php(286): CController->runAction(Object(CInlineAction))
#5 C:\Program Files (x86)\Apache Software Foundation\Apache2.2\htdocs\yii\framework\web\CController.php(265): CController->runActionWithFilters(Object(CInlineAction), Array)
#6 C:\Program Files (x86)\Apache Software Foundation\Apache2.2\htdocs\yii\framework\web\CWebApplication.php(282): CController->run('buscar')
#7 C:\Program Files (x86)\Apache Software Foundation\Apache2.2\htdocs\yii\framework\web\CWebApplication.php(141): CWebApplication->runController('site/buscar')
#8 C:\Program Files (x86)\Apache Software Foundation\Apache2.2\htdocs\yii\framework\base\CApplication.php(169): CWebApplication->processRequest()
#9 C:\Program Files (x86)\Apache Software Foundation\Apache2.2\htdocs\odalyssubastas\odalys\index.php(13): CApplication->run()
#10 {main}
REQUEST_URI=/odalyssubastas/odalys/index.php?r=site/buscar
HTTP_REFERER=http://localhost/odalyssubastas/odalys/index.php
---
2014/01/26 14:49:45 [error] [exception.CException] exception 'CException' with message 'Propiedad "ImagenS"."idusuario" no se encuentra definida.' in C:\Program Files (x86)\Apache Software Foundation\Apache2.2\htdocs\yii\framework\base\CComponent.php:130
Stack trace:
#0 C:\Program Files (x86)\Apache Software Foundation\Apache2.2\htdocs\yii\framework\db\ar\CActiveRecord.php(143): CComponent->__get('idusuario')
#1 C:\Program Files (x86)\Apache Software Foundation\Apache2.2\htdocs\odalyssubastas\odalys\protected\controllers\SiteController.php(400): CActiveRecord->__get('idusuario')
#2 C:\Program Files (x86)\Apache Software Foundation\Apache2.2\htdocs\yii\framework\web\actions\CInlineAction.php(49): SiteController->actionBuscar()
#3 C:\Program Files (x86)\Apache Software Foundation\Apache2.2\htdocs\yii\framework\web\CController.php(308): CInlineAction->runWithParams(Array)
#4 C:\Program Files (x86)\Apache Software Foundation\Apache2.2\htdocs\yii\framework\web\CController.php(286): CController->runAction(Object(CInlineAction))
#5 C:\Program Files (x86)\Apache Software Foundation\Apache2.2\htdocs\yii\framework\web\CController.php(265): CController->runActionWithFilters(Object(CInlineAction), Array)
#6 C:\Program Files (x86)\Apache Software Foundation\Apache2.2\htdocs\yii\framework\web\CWebApplication.php(282): CController->run('buscar')
#7 C:\Program Files (x86)\Apache Software Foundation\Apache2.2\htdocs\yii\framework\web\CWebApplication.php(141): CWebApplication->runController('site/buscar')
#8 C:\Program Files (x86)\Apache Software Foundation\Apache2.2\htdocs\yii\framework\base\CApplication.php(169): CWebApplication->processRequest()
#9 C:\Program Files (x86)\Apache Software Foundation\Apache2.2\htdocs\odalyssubastas\odalys\index.php(13): CApplication->run()
#10 {main}
REQUEST_URI=/odalyssubastas/odalys/index.php?r=site/buscar
HTTP_REFERER=http://localhost/odalyssubastas/odalys/index.php
---
